{"logTime": "0407/001303", "correlationVector":"dmpg+CPe6M8LeoTJN5O0AE.177","action":"GetUpdates", "result":"DeleteReceived", "context":{"id":"d00e28bd-168d-43db-a553-2c102d9e54b0", "isDeleted:":"true", "version":"1708694308656"}}
{"logTime": "0407/001303", "correlationVector":"dmpg+CPe6M8LeoTJN5O0AE.178","action":"GetUpdates", "result":"DeleteReceived", "context":{"id":"f13c1ed1-e503-4812-818e-459a4abffb61", "isDeleted:":"true", "version":"1708694319500"}}
{"logTime": "0407/001303", "correlationVector":"dmpg+CPe6M8LeoTJN5O0AE.179","action":"GetUpdates", "result":"DeleteReceived", "context":{"id":"d5376a74-05c9-4335-ae27-54c030881b68", "isDeleted:":"true", "version":"1708694319501"}}
{"logTime": "0407/001303", "correlationVector":"dmpg+CPe6M8LeoTJN5O0AE.180","action":"GetUpdates", "result":"DeleteReceived", "context":{"id":"7efbcc24-c9cf-4c27-aafc-5d66c1086d97", "isDeleted:":"true", "version":"1708694319503"}}
{"logTime": "0407/001303", "correlationVector":"dmpg+CPe6M8LeoTJN5O0AE.181","action":"GetUpdates", "result":"DeleteReceived", "context":{"id":"67d26f96-05ab-4411-b9c2-eb7bb9c3e141", "isDeleted:":"true", "version":"1708694418513"}}
{"logTime": "0407/001303", "correlationVector":"dmpg+CPe6M8LeoTJN5O0AE.182","action":"GetUpdates", "result":"DeleteReceived", "context":{"id":"64bfdc50-a64f-460e-8884-e26bbd3a73ae", "isDeleted:":"true", "version":"1708694427992"}}
{"logTime": "0407/001303", "correlationVector":"dmpg+CPe6M8LeoTJN5O0AE.183","action":"GetUpdates", "result":"DeleteReceived", "context":{"id":"68bea561-aef0-49fc-8956-6f95f9ecf192", "isDeleted:":"true", "version":"1708695517046"}}
{"logTime": "0407/001303", "correlationVector":"dmpg+CPe6M8LeoTJN5O0AE.184","action":"GetUpdates", "result":"DeleteReceived", "context":{"id":"49a4caa7-dd94-4094-aa63-9215914b39a3", "isDeleted:":"true", "version":"1708695517047"}}
{"logTime": "0407/001303", "correlationVector":"dmpg+CPe6M8LeoTJN5O0AE.185","action":"GetUpdates", "result":"DeleteReceived", "context":{"id":"7730cf3a-61b5-46f9-bb56-a11fef8955d5", "isDeleted:":"true", "version":"1708695517048"}}
{"logTime": "0407/001303", "correlationVector":"dmpg+CPe6M8LeoTJN5O0AE.186","action":"GetUpdates", "result":"DeleteReceived", "context":{"id":"5fa93858-4a38-4903-b436-0275e28077f7", "isDeleted:":"true", "version":"1708717814417"}}
{"logTime": "0407/001303", "correlationVector":"dmpg+CPe6M8LeoTJN5O0AE.187","action":"GetUpdates", "result":"DeleteReceived", "context":{"id":"03fb6788-a5aa-4fe6-b882-08edf88e07bf", "isDeleted:":"true", "version":"1708718900605"}}
{"logTime": "0407/001303", "correlationVector":"dmpg+CPe6M8LeoTJN5O0AE.188","action":"GetUpdates", "result":"DeleteReceived", "context":{"id":"8e5385b8-e3a9-47ee-8e47-078345fbdc94", "isDeleted:":"true", "version":"1708718900606"}}
{"logTime": "0407/001303", "correlationVector":"dmpg+CPe6M8LeoTJN5O0AE.189","action":"GetUpdates", "result":"DeleteReceived", "context":{"id":"9d65be78-fbca-4c77-947e-69a1213ca0f5", "isDeleted:":"true", "version":"1708718900608"}}
{"logTime": "0407/001303", "correlationVector":"dmpg+CPe6M8LeoTJN5O0AE.190","action":"GetUpdates", "result":"DeleteReceived", "context":{"id":"54e89449-f532-4382-9bc0-42cdf5e3139e", "isDeleted:":"true", "version":"1708718900609"}}
{"logTime": "0407/001303", "correlationVector":"dmpg+CPe6M8LeoTJN5O0AE.191","action":"GetUpdates", "result":"DeleteReceived", "context":{"id":"e2b4a618-5526-407c-a4e3-69d435fe14af", "isDeleted:":"true", "version":"1708718900610"}}
{"logTime": "0407/001303", "correlationVector":"dmpg+CPe6M8LeoTJN5O0AE.192","action":"GetUpdates", "result":"DeleteReceived", "context":{"id":"05d61a5c-8eba-45bf-be1a-2c937bd97fb1", "isDeleted:":"true", "version":"1708720626985"}}
{"logTime": "0407/001303", "correlationVector":"dmpg+CPe6M8LeoTJN5O0AE.193","action":"GetUpdates", "result":"DeleteReceived", "context":{"id":"7ee87860-772c-4e0c-b678-50b5d9d96fad", "isDeleted:":"true", "version":"1708720626986"}}
{"logTime": "0407/001303", "correlationVector":"dmpg+CPe6M8LeoTJN5O0AE.194","action":"GetUpdates", "result":"DeleteReceived", "context":{"id":"fc9abbd8-86c2-4407-8e3b-9c971aadc056", "isDeleted:":"true", "version":"1708720626987"}}
{"logTime": "0407/001303", "correlationVector":"dmpg+CPe6M8LeoTJN5O0AE.195","action":"GetUpdates", "result":"DeleteReceived", "context":{"id":"1edac4f2-740b-4491-9cd6-06407d25855b", "isDeleted:":"true", "version":"1708720626988"}}
{"logTime": "0407/001303", "correlationVector":"dmpg+CPe6M8LeoTJN5O0AE.196","action":"GetUpdates", "result":"DeleteReceived", "context":{"id":"ecd4e6f9-f678-45fe-b39e-f1e8df699af8", "isDeleted:":"true", "version":"1708720626989"}}
{"logTime": "0407/001303", "correlationVector":"dmpg+CPe6M8LeoTJN5O0AE.197","action":"GetUpdates", "result":"DeleteReceived", "context":{"id":"271f9018-d077-4047-97ea-4b916ee2d955", "isDeleted:":"true", "version":"1709151330310"}}
{"logTime": "0407/001303", "correlationVector":"dmpg+CPe6M8LeoTJN5O0AE.198","action":"GetUpdates", "result":"DeleteReceived", "context":{"id":"77c3e9d9-834d-449d-970e-75889d9ce8dd", "isDeleted:":"true", "version":"1709236691998"}}
{"logTime": "0407/001303", "correlationVector":"dmpg+CPe6M8LeoTJN5O0AE.199","action":"GetUpdates", "result":"DeleteReceived", "context":{"id":"866238ef-03fd-47d7-bed8-67569d02c6f4", "isDeleted:":"true", "version":"1709236709864"}}
{"logTime": "0407/001303", "correlationVector":"dmpg+CPe6M8LeoTJN5O0AE.200","action":"GetUpdates", "result":"DeleteReceived", "context":{"id":"e0196ed6-5bc6-45e6-8b86-133dae0dacc2", "isDeleted:":"true", "version":"1709237827708"}}
{"logTime": "0407/001303", "correlationVector":"dmpg+CPe6M8LeoTJN5O0AE.201","action":"GetUpdates", "result":"DeleteReceived", "context":{"id":"9e6d7618-19d6-4779-815d-57695c820f72", "isDeleted:":"true", "version":"1709237970922"}}
{"logTime": "0407/001303", "correlationVector":"dmpg+CPe6M8LeoTJN5O0AE.202","action":"GetUpdates", "result":"DeleteReceived", "context":{"id":"a5d14302-dc9c-4992-8dc8-bb9189a0da11", "isDeleted:":"true", "version":"1709237970923"}}
{"logTime": "0407/001303", "correlationVector":"dmpg+CPe6M8LeoTJN5O0AE.203","action":"GetUpdates", "result":"DeleteReceived", "context":{"id":"990750a2-826c-4c3c-9dd8-82a77448a079", "isDeleted:":"true", "version":"1709237970924"}}
{"logTime": "0407/001303", "correlationVector":"dmpg+CPe6M8LeoTJN5O0AE.204","action":"GetUpdates", "result":"DeleteReceived", "context":{"id":"3ca3cb6d-3146-42a3-861e-8bc022cd62b0", "isDeleted:":"true", "version":"1709885968279"}}
{"logTime": "0407/001303", "correlationVector":"dmpg+CPe6M8LeoTJN5O0AE.205","action":"GetUpdates", "result":"DeleteReceived", "context":{"id":"03c3c5ea-7d77-4bbb-8810-959ef4ed80a3", "isDeleted:":"true", "version":"1709885968280"}}
{"logTime": "0407/001303", "correlationVector":"dmpg+CPe6M8LeoTJN5O0AE.206","action":"GetUpdates", "result":"DeleteReceived", "context":{"id":"48770701-a217-44f6-84e7-f19f10fb0d9b", "isDeleted:":"true", "version":"1709885968281"}}
{"logTime": "0407/001303", "correlationVector":"dmpg+CPe6M8LeoTJN5O0AE.207","action":"GetUpdates", "result":"DeleteReceived", "context":{"id":"c2c08534-b9c0-45b8-b27d-a549b2cafb65", "isDeleted:":"true", "version":"1709885968282"}}
{"logTime": "0407/001303", "correlationVector":"dmpg+CPe6M8LeoTJN5O0AE.208","action":"GetUpdates", "result":"DeleteReceived", "context":{"id":"64351713-6e2f-4f7e-9d79-0bffdc754ae1", "isDeleted:":"true", "version":"1709886787668"}}
{"logTime": "0407/001303", "correlationVector":"dmpg+CPe6M8LeoTJN5O0AE.209","action":"GetUpdates", "result":"DeleteReceived", "context":{"id":"70090db4-c1a1-4c3f-98af-5c98170d691a", "isDeleted:":"true", "version":"1709894555992"}}
{"logTime": "0407/001303", "correlationVector":"dmpg+CPe6M8LeoTJN5O0AE.210","action":"GetUpdates", "result":"DeleteReceived", "context":{"id":"2e34e7cb-38f4-4607-a095-df957996dfec", "isDeleted:":"true", "version":"1709983629190"}}
{"logTime": "0407/001303", "correlationVector":"dmpg+CPe6M8LeoTJN5O0AE.211","action":"GetUpdates", "result":"DeleteReceived", "context":{"id":"b594be0f-ecb8-4ae1-812b-ef7cf919f95c", "isDeleted:":"true", "version":"1709983746801"}}
{"logTime": "0407/001303", "correlationVector":"dmpg+CPe6M8LeoTJN5O0AE.212","action":"GetUpdates", "result":"DeleteReceived", "context":{"id":"9149296d-07f4-46a3-9ea5-daf47c6f9239", "isDeleted:":"true", "version":"1710011591320"}}
{"logTime": "0407/001303", "correlationVector":"dmpg+CPe6M8LeoTJN5O0AE.213","action":"GetUpdates", "result":"DeleteReceived", "context":{"id":"78ca5b50-0d2c-4ef5-b08c-103d6920d9cc", "isDeleted:":"true", "version":"1710013656655"}}
{"logTime": "0407/001303", "correlationVector":"dmpg+CPe6M8LeoTJN5O0AE.214","action":"GetUpdates", "result":"DeleteReceived", "context":{"id":"646126e7-a2dc-4cc9-86f6-5b13f05dc292", "isDeleted:":"true", "version":"1710013656657"}}
{"logTime": "0407/001303", "correlationVector":"dmpg+CPe6M8LeoTJN5O0AE.215","action":"GetUpdates", "result":"DeleteReceived", "context":{"id":"be64aaab-6112-4e10-9f2b-e9867a86c0dd", "isDeleted:":"true", "version":"1710250229894"}}
{"logTime": "0407/001303", "correlationVector":"dmpg+CPe6M8LeoTJN5O0AE.216","action":"GetUpdates", "result":"DeleteReceived", "context":{"id":"dfd28f0b-1aeb-4872-ac21-9f298e5b9e3d", "isDeleted:":"true", "version":"1710250535478"}}
{"logTime": "0407/001303", "correlationVector":"dmpg+CPe6M8LeoTJN5O0AE.217","action":"GetUpdates", "result":"DeleteReceived", "context":{"id":"8e94a6b4-2743-4b19-ba16-4f668f58cb72", "isDeleted:":"true", "version":"1710277651980"}}
{"logTime": "0407/001303", "correlationVector":"dmpg+CPe6M8LeoTJN5O0AE.218","action":"GetUpdates Response", "result":"Success", "context":Received 250 update(s). cV=dmpg+CPe6M8LeoTJN5O0AE.0;server=GENERAL0100000P;cloudType=Consumer;environment=Prod_WestEurope_000l;migrationStage=NotStarted Some updates remain.}
{"logTime": "0407/001303", "correlationVector":"FMnnU/F/46dQsdkdJpuecD","action":"Initial GetUpdates", "result":"", "context":Reason: RECONFIGURATION. cV=FMnnU/F/46dQsdkdJpuecD}
{"logTime": "0407/001303", "correlationVector":"FMnnU/F/46dQsdkdJpuecD.1","action":"SyncServerConnectionManagerRequest", "result":"SYNC_SERVER_OK", "context":{"environment":"Prod_WestEurope_000l", "migrationStage":"NotStarted", "server":"GENERAL0100000V"}}
{"logTime": "0407/001303", "correlationVector":"FMnnU/F/46dQsdkdJpuecD.2","action":"GetUpdates", "result":"DeleteReceived", "context":{"id":"421d1a30-87c3-4f45-a0c7-ce6f42746848", "isDeleted:":"true", "version":"1712241453207"}}
{"logTime": "0407/001303", "correlationVector":"FMnnU/F/46dQsdkdJpuecD.3","action":"GetUpdates", "result":"DeleteReceived", "context":{"id":"931833df-2c1b-462e-88b8-f7f5fe90519d", "isDeleted:":"true", "version":"1710279764181"}}
{"logTime": "0407/001303", "correlationVector":"FMnnU/F/46dQsdkdJpuecD.4","action":"GetUpdates", "result":"DeleteReceived", "context":{"id":"3690e18d-0a98-42f0-9b75-d426ef41d6bc", "isDeleted:":"true", "version":"1710279764182"}}
{"logTime": "0407/001303", "correlationVector":"FMnnU/F/46dQsdkdJpuecD.5","action":"GetUpdates", "result":"DeleteReceived", "context":{"id":"bd686b4a-a232-4ae1-ae95-2edc253bcc45", "isDeleted:":"true", "version":"1710279764183"}}
{"logTime": "0407/001303", "correlationVector":"FMnnU/F/46dQsdkdJpuecD.6","action":"GetUpdates", "result":"DeleteReceived", "context":{"id":"1d8df658-7445-483e-89dc-e088ca50e9cf", "isDeleted:":"true", "version":"1710279764184"}}
{"logTime": "0407/001303", "correlationVector":"FMnnU/F/46dQsdkdJpuecD.7","action":"GetUpdates", "result":"DeleteReceived", "context":{"id":"c499958d-6584-40fd-9039-898c5f5683ef", "isDeleted:":"true", "version":"1710279764185"}}
{"logTime": "0407/001303", "correlationVector":"FMnnU/F/46dQsdkdJpuecD.8","action":"GetUpdates", "result":"DeleteReceived", "context":{"id":"d3dea4c6-7dd0-465a-b437-d87a280d0ace", "isDeleted:":"true", "version":"1710279764186"}}
{"logTime": "0407/001303", "correlationVector":"FMnnU/F/46dQsdkdJpuecD.9","action":"GetUpdates", "result":"DeleteReceived", "context":{"id":"8917f584-e59e-4df1-8a04-24a15a0224d3", "isDeleted:":"true", "version":"1710279764187"}}
{"logTime": "0407/001303", "correlationVector":"FMnnU/F/46dQsdkdJpuecD.10","action":"GetUpdates", "result":"DeleteReceived", "context":{"id":"08bd07b0-f661-48d8-8c22-3f9abe89457e", "isDeleted:":"true", "version":"1710279764188"}}
{"logTime": "0407/001303", "correlationVector":"FMnnU/F/46dQsdkdJpuecD.11","action":"GetUpdates", "result":"DeleteReceived", "context":{"id":"c81322fc-87bc-410f-bed2-4c19efe69fe4", "isDeleted:":"true", "version":"1710279764190"}}
{"logTime": "0407/001303", "correlationVector":"FMnnU/F/46dQsdkdJpuecD.12","action":"GetUpdates", "result":"DeleteReceived", "context":{"id":"e2c58fe6-3e09-40dd-9ca4-9a72606c8f7c", "isDeleted:":"true", "version":"1710364504786"}}
{"logTime": "0407/001303", "correlationVector":"FMnnU/F/46dQsdkdJpuecD.13","action":"GetUpdates", "result":"DeleteReceived", "context":{"id":"c4eea36f-38df-4cd8-928b-50bac1e94e45", "isDeleted:":"true", "version":"1710364504787"}}
{"logTime": "0407/001303", "correlationVector":"FMnnU/F/46dQsdkdJpuecD.14","action":"GetUpdates", "result":"DeleteReceived", "context":{"id":"81d8deef-8379-436f-a703-43e2ac5a07db", "isDeleted:":"true", "version":"1710368463401"}}
{"logTime": "0407/001303", "correlationVector":"FMnnU/F/46dQsdkdJpuecD.15","action":"GetUpdates", "result":"DeleteReceived", "context":{"id":"72cd0e0e-5908-4b3c-b40f-8c4065d557a3", "isDeleted:":"true", "version":"1710368974329"}}
{"logTime": "0407/001303", "correlationVector":"FMnnU/F/46dQsdkdJpuecD.16","action":"GetUpdates", "result":"DeleteReceived", "context":{"id":"e438d44a-062d-4147-9c97-38076792a180", "isDeleted:":"true", "version":"1710403539470"}}
{"logTime": "0407/001303", "correlationVector":"FMnnU/F/46dQsdkdJpuecD.17","action":"GetUpdates", "result":"DeleteReceived", "context":{"id":"b6fb8a2a-6850-45bf-9ee3-993d1d67cf78", "isDeleted:":"true", "version":"1710403539471"}}
{"logTime": "0407/001303", "correlationVector":"FMnnU/F/46dQsdkdJpuecD.18","action":"GetUpdates", "result":"DeleteReceived", "context":{"id":"b8acff84-2ad1-4c20-abf5-fe35978d8aa2", "isDeleted:":"true", "version":"1710403539472"}}
{"logTime": "0407/001303", "correlationVector":"FMnnU/F/46dQsdkdJpuecD.19","action":"GetUpdates", "result":"DeleteReceived", "context":{"id":"f3a34b7c-ead7-49bc-ac23-51dac875d28d", "isDeleted:":"true", "version":"1710403539473"}}
{"logTime": "0407/001303", "correlationVector":"FMnnU/F/46dQsdkdJpuecD.20","action":"GetUpdates", "result":"DeleteReceived", "context":{"id":"b9813505-a605-4527-b3f1-e1cfadd97fd5", "isDeleted:":"true", "version":"1710403845532"}}
{"logTime": "0407/001303", "correlationVector":"FMnnU/F/46dQsdkdJpuecD.21","action":"GetUpdates", "result":"DeleteReceived", "context":{"id":"a47d8842-7e2f-446e-b2b6-8212eadb65a0", "isDeleted:":"true", "version":"1710403845536"}}
{"logTime": "0407/001303", "correlationVector":"FMnnU/F/46dQsdkdJpuecD.22","action":"GetUpdates", "result":"DeleteReceived", "context":{"id":"14d6061f-c339-4b2b-a62f-0e31842fb507", "isDeleted:":"true", "version":"1710403854445"}}
{"logTime": "0407/001303", "correlationVector":"FMnnU/F/46dQsdkdJpuecD.23","action":"GetUpdates", "result":"DeleteReceived", "context":{"id":"2dfb7ea4-5d93-4787-b675-7f595a07343b", "isDeleted:":"true", "version":"1710516671721"}}
{"logTime": "0407/001303", "correlationVector":"FMnnU/F/46dQsdkdJpuecD.24","action":"GetUpdates", "result":"DeleteReceived", "context":{"id":"fbf19b28-bc8a-4e5d-81d8-d8e73cb290f8", "isDeleted:":"true", "version":"1710597584118"}}
{"logTime": "0407/001303", "correlationVector":"FMnnU/F/46dQsdkdJpuecD.25","action":"GetUpdates", "result":"DeleteReceived", "context":{"id":"9ee17aee-54fc-4ce3-aa2a-43737f903159", "isDeleted:":"true", "version":"1710598350675"}}
{"logTime": "0407/001303", "correlationVector":"FMnnU/F/46dQsdkdJpuecD.26","action":"GetUpdates", "result":"DeleteReceived", "context":{"id":"cc1d2f90-1380-4cec-b747-953dea741d99", "isDeleted:":"true", "version":"1710599981165"}}
{"logTime": "0407/001303", "correlationVector":"FMnnU/F/46dQsdkdJpuecD.27","action":"GetUpdates", "result":"DeleteReceived", "context":{"id":"be376eda-7b00-45d9-a95e-70d539542957", "isDeleted:":"true", "version":"1710599981166"}}
{"logTime": "0407/001303", "correlationVector":"FMnnU/F/46dQsdkdJpuecD.28","action":"GetUpdates", "result":"DeleteReceived", "context":{"id":"e91d53ca-34c6-45dc-94d2-be448d2e6e83", "isDeleted:":"true", "version":"1710601805816"}}
{"logTime": "0407/001303", "correlationVector":"FMnnU/F/46dQsdkdJpuecD.29","action":"GetUpdates", "result":"DeleteReceived", "context":{"id":"68360d84-33a1-4c5e-9203-139b78c99f2b", "isDeleted:":"true", "version":"1710680853975"}}
{"logTime": "0407/001303", "correlationVector":"FMnnU/F/46dQsdkdJpuecD.30","action":"GetUpdates", "result":"DeleteReceived", "context":{"id":"7ec2e5fe-d22d-4acc-b5e8-0cc2b406bbd9", "isDeleted:":"true", "version":"1710681895593"}}
{"logTime": "0407/001303", "correlationVector":"FMnnU/F/46dQsdkdJpuecD.31","action":"GetUpdates", "result":"DeleteReceived", "context":{"id":"c2ddae65-24a2-45d8-9368-509bbfa74c0c", "isDeleted:":"true", "version":"1710715577893"}}
{"logTime": "0407/001303", "correlationVector":"FMnnU/F/46dQsdkdJpuecD.32","action":"GetUpdates", "result":"DeleteReceived", "context":{"id":"518f442f-0dce-4214-ae51-b01eea2f4961", "isDeleted:":"true", "version":"1710793747340"}}
{"logTime": "0407/001303", "correlationVector":"FMnnU/F/46dQsdkdJpuecD.33","action":"GetUpdates", "result":"DeleteReceived", "context":{"id":"69c5c73c-c0e7-4add-bcb0-7aab92d93308", "isDeleted:":"true", "version":"1710793747343"}}
{"logTime": "0407/001303", "correlationVector":"FMnnU/F/46dQsdkdJpuecD.34","action":"GetUpdates", "result":"DeleteReceived", "context":{"id":"e1f32cb3-54c7-40eb-8d35-b2a44a27b718", "isDeleted:":"true", "version":"1710793747344"}}
{"logTime": "0407/001303", "correlationVector":"FMnnU/F/46dQsdkdJpuecD.35","action":"GetUpdates", "result":"DeleteReceived", "context":{"id":"b6636782-4bfa-47c0-afdd-70187f02dd6a", "isDeleted:":"true", "version":"1710793747345"}}
{"logTime": "0407/001303", "correlationVector":"FMnnU/F/46dQsdkdJpuecD.36","action":"GetUpdates", "result":"DeleteReceived", "context":{"id":"ffb85b3e-5b4c-441a-bf13-32833eb92c61", "isDeleted:":"true", "version":"1710793747346"}}
{"logTime": "0407/001303", "correlationVector":"FMnnU/F/46dQsdkdJpuecD.37","action":"GetUpdates", "result":"DeleteReceived", "context":{"id":"5180a440-3ade-4d58-9b62-e9b52f0f2d45", "isDeleted:":"true", "version":"1710793747347"}}
{"logTime": "0407/001303", "correlationVector":"FMnnU/F/46dQsdkdJpuecD.38","action":"GetUpdates", "result":"DeleteReceived", "context":{"id":"84bf6d96-c80e-4807-844c-6e3808a59151", "isDeleted:":"true", "version":"1710793747348"}}
{"logTime": "0407/001303", "correlationVector":"FMnnU/F/46dQsdkdJpuecD.39","action":"GetUpdates", "result":"DeleteReceived", "context":{"id":"3403ffdf-7b47-44d1-94f9-f97afda423b1", "isDeleted:":"true", "version":"1710793747349"}}
{"logTime": "0407/001303", "correlationVector":"FMnnU/F/46dQsdkdJpuecD.40","action":"GetUpdates", "result":"DeleteReceived", "context":{"id":"31f536f8-679b-4615-a8fd-f88048fc07e2", "isDeleted:":"true", "version":"1710793747354"}}
{"logTime": "0407/001303", "correlationVector":"FMnnU/F/46dQsdkdJpuecD.41","action":"GetUpdates", "result":"DeleteReceived", "context":{"id":"ab8cd48b-1776-4268-81d5-52be30732ee4", "isDeleted:":"true", "version":"1710794884561"}}
{"logTime": "0407/001303", "correlationVector":"FMnnU/F/46dQsdkdJpuecD.42","action":"GetUpdates", "result":"DeleteReceived", "context":{"id":"27af5206-07f2-4d5a-ab84-5cdf64da46ac", "isDeleted:":"true", "version":"1710794884562"}}
{"logTime": "0407/001303", "correlationVector":"FMnnU/F/46dQsdkdJpuecD.43","action":"GetUpdates", "result":"DeleteReceived", "context":{"id":"98ca6057-db16-4ba1-b058-a2b3dc8e6da8", "isDeleted:":"true", "version":"1710794884567"}}
{"logTime": "0407/001303", "correlationVector":"FMnnU/F/46dQsdkdJpuecD.44","action":"GetUpdates", "result":"DeleteReceived", "context":{"id":"e6247502-96ec-42ad-9f77-0b9989bd23f5", "isDeleted:":"true", "version":"1710794884569"}}
{"logTime": "0407/001303", "correlationVector":"FMnnU/F/46dQsdkdJpuecD.45","action":"GetUpdates", "result":"DeleteReceived", "context":{"id":"7e94a6d8-ab49-4798-8c12-447550d8c0fa", "isDeleted:":"true", "version":"1710794899179"}}
{"logTime": "0407/001303", "correlationVector":"FMnnU/F/46dQsdkdJpuecD.46","action":"GetUpdates", "result":"DeleteReceived", "context":{"id":"9317e359-f2ca-4fe0-bdca-03f37ddcc86b", "isDeleted:":"true", "version":"1710794899180"}}
{"logTime": "0407/001303", "correlationVector":"FMnnU/F/46dQsdkdJpuecD.47","action":"GetUpdates", "result":"DeleteReceived", "context":{"id":"19547596-94aa-4a8c-afbe-87210e0e26cf", "isDeleted:":"true", "version":"1710794899181"}}
{"logTime": "0407/001303", "correlationVector":"FMnnU/F/46dQsdkdJpuecD.48","action":"GetUpdates", "result":"DeleteReceived", "context":{"id":"71d867ce-dc88-4084-8840-2588a5065abc", "isDeleted:":"true", "version":"1710794899182"}}
{"logTime": "0407/001303", "correlationVector":"FMnnU/F/46dQsdkdJpuecD.49","action":"GetUpdates", "result":"DeleteReceived", "context":{"id":"90d1fcd1-9bdb-46ac-982a-77a67a1bfbc6", "isDeleted:":"true", "version":"1710794915721"}}
{"logTime": "0407/001303", "correlationVector":"FMnnU/F/46dQsdkdJpuecD.50","action":"GetUpdates", "result":"DeleteReceived", "context":{"id":"f02891a5-16b2-4e97-a386-34c2231e01db", "isDeleted:":"true", "version":"1710944852639"}}
{"logTime": "0407/001303", "correlationVector":"FMnnU/F/46dQsdkdJpuecD.51","action":"GetUpdates", "result":"DeleteReceived", "context":{"id":"f2d331e4-3d0f-41cc-bb08-de487fa200a0", "isDeleted:":"true", "version":"1710963584255"}}
{"logTime": "0407/001303", "correlationVector":"FMnnU/F/46dQsdkdJpuecD.52","action":"GetUpdates", "result":"DeleteReceived", "context":{"id":"f5f1b16d-125a-4eaf-8fde-e80905fdb5ee", "isDeleted:":"true", "version":"1710963584256"}}
{"logTime": "0407/001303", "correlationVector":"FMnnU/F/46dQsdkdJpuecD.53","action":"GetUpdates", "result":"DeleteReceived", "context":{"id":"45a5c482-c0c4-461d-9812-62d1d61ae5db", "isDeleted:":"true", "version":"1710963584257"}}
{"logTime": "0407/001303", "correlationVector":"FMnnU/F/46dQsdkdJpuecD.54","action":"GetUpdates", "result":"DeleteReceived", "context":{"id":"6dfb9aa0-b966-442a-9ffe-2c4a63449bb5", "isDeleted:":"true", "version":"1711054770630"}}
{"logTime": "0407/001303", "correlationVector":"FMnnU/F/46dQsdkdJpuecD.55","action":"GetUpdates", "result":"DeleteReceived", "context":{"id":"ce0d1b5c-ed6a-4e0d-8aa0-67dd2c7da9e3", "isDeleted:":"true", "version":"1711074302977"}}
{"logTime": "0407/001303", "correlationVector":"FMnnU/F/46dQsdkdJpuecD.56","action":"GetUpdates", "result":"DeleteReceived", "context":{"id":"3949e9e5-0725-4b1b-8645-76d14dd43f06", "isDeleted:":"true", "version":"1711105845522"}}
{"logTime": "0407/001303", "correlationVector":"FMnnU/F/46dQsdkdJpuecD.57","action":"GetUpdates", "result":"DeleteReceived", "context":{"id":"0caccfbc-6acb-41d1-a76b-67cce4a7b098", "isDeleted:":"true", "version":"1711118824127"}}
{"logTime": "0407/001303", "correlationVector":"FMnnU/F/46dQsdkdJpuecD.58","action":"GetUpdates", "result":"DeleteReceived", "context":{"id":"dcc53e8f-5819-463d-a5d0-423b5a86f72d", "isDeleted:":"true", "version":"1711118824128"}}
{"logTime": "0407/001303", "correlationVector":"FMnnU/F/46dQsdkdJpuecD.59","action":"GetUpdates", "result":"DeleteReceived", "context":{"id":"5a8cd875-b808-4068-8476-62e3122d63ca", "isDeleted:":"true", "version":"1711118824129"}}
{"logTime": "0407/001303", "correlationVector":"FMnnU/F/46dQsdkdJpuecD.60","action":"GetUpdates", "result":"DeleteReceived", "context":{"id":"dbc86560-4dba-4cd6-93b5-491191205320", "isDeleted:":"true", "version":"1711118824130"}}
{"logTime": "0407/001303", "correlationVector":"FMnnU/F/46dQsdkdJpuecD.61","action":"GetUpdates", "result":"DeleteReceived", "context":{"id":"34123b5d-89e6-40fd-a433-ebee8197eba7", "isDeleted:":"true", "version":"1711118824131"}}
{"logTime": "0407/001303", "correlationVector":"FMnnU/F/46dQsdkdJpuecD.62","action":"GetUpdates", "result":"DeleteReceived", "context":{"id":"2df62d83-1849-4d35-9222-557123f4391d", "isDeleted:":"true", "version":"1711134997502"}}
{"logTime": "0407/001303", "correlationVector":"FMnnU/F/46dQsdkdJpuecD.63","action":"GetUpdates", "result":"DeleteReceived", "context":{"id":"26044d54-ba73-46f6-a3c6-50c7a9a48194", "isDeleted:":"true", "version":"1711668985279"}}
{"logTime": "0407/001303", "correlationVector":"FMnnU/F/46dQsdkdJpuecD.64","action":"GetUpdates", "result":"DeleteReceived", "context":{"id":"e48d216b-ff29-4318-81af-0210ae594c29", "isDeleted:":"true", "version":"1711668989782"}}
{"logTime": "0407/001303", "correlationVector":"FMnnU/F/46dQsdkdJpuecD.65","action":"GetUpdates", "result":"DeleteReceived", "context":{"id":"8986e1ef-e36f-4cca-8e7f-ee4b2a66f394", "isDeleted:":"true", "version":"1711668989783"}}
{"logTime": "0407/001303", "correlationVector":"FMnnU/F/46dQsdkdJpuecD.66","action":"GetUpdates", "result":"DeleteReceived", "context":{"id":"41db7166-1918-4a9a-a218-f170c889cfa8", "isDeleted:":"true", "version":"1711668995219"}}
{"logTime": "0407/001303", "correlationVector":"FMnnU/F/46dQsdkdJpuecD.67","action":"GetUpdates", "result":"DeleteReceived", "context":{"id":"970876b7-86e6-4126-8dcd-ead73b19607e", "isDeleted:":"true", "version":"1711706684600"}}
{"logTime": "0407/001303", "correlationVector":"FMnnU/F/46dQsdkdJpuecD.68","action":"GetUpdates", "result":"DeleteReceived", "context":{"id":"0876e3ef-45ba-46e2-80e9-96737eccf433", "isDeleted:":"true", "version":"1711706684601"}}
{"logTime": "0407/001303", "correlationVector":"FMnnU/F/46dQsdkdJpuecD.69","action":"GetUpdates", "result":"DeleteReceived", "context":{"id":"f673eed8-7dc8-4755-b05c-ee0d15d9dcb8", "isDeleted:":"true", "version":"1711712250545"}}
{"logTime": "0407/001303", "correlationVector":"FMnnU/F/46dQsdkdJpuecD.70","action":"GetUpdates", "result":"DeleteReceived", "context":{"id":"63002436-37ae-4855-b5bc-a4184fa29c7f", "isDeleted:":"true", "version":"1711738889056"}}
{"logTime": "0407/001303", "correlationVector":"FMnnU/F/46dQsdkdJpuecD.71","action":"GetUpdates", "result":"DeleteReceived", "context":{"id":"95327cff-d163-4dc5-955e-c174cb5e2472", "isDeleted:":"true", "version":"1711738899838"}}
{"logTime": "0407/001303", "correlationVector":"FMnnU/F/46dQsdkdJpuecD.72","action":"GetUpdates", "result":"DeleteReceived", "context":{"id":"6b3597bc-b113-4878-ad92-b0b193666fee", "isDeleted:":"true", "version":"1711751063053"}}
{"logTime": "0407/001303", "correlationVector":"FMnnU/F/46dQsdkdJpuecD.73","action":"GetUpdates", "result":"DeleteReceived", "context":{"id":"4f6f9e89-0e2c-41e9-8cf2-aaa3dda01081", "isDeleted:":"true", "version":"1711912077446"}}
{"logTime": "0407/001303", "correlationVector":"FMnnU/F/46dQsdkdJpuecD.74","action":"GetUpdates", "result":"DeleteReceived", "context":{"id":"f38ca5d9-e42a-4fe8-85d9-f7f0d9c0cd7d", "isDeleted:":"true", "version":"1711912077447"}}
{"logTime": "0407/001303", "correlationVector":"FMnnU/F/46dQsdkdJpuecD.75","action":"GetUpdates", "result":"DeleteReceived", "context":{"id":"f6adaead-0f8a-4cc3-beae-1f6828a13ff8", "isDeleted:":"true", "version":"1711912077448"}}
{"logTime": "0407/001303", "correlationVector":"FMnnU/F/46dQsdkdJpuecD.76","action":"GetUpdates", "result":"DeleteReceived", "context":{"id":"cadda4b6-a935-4aa0-9cfb-d68328cefb90", "isDeleted:":"true", "version":"1711912077449"}}
{"logTime": "0407/001303", "correlationVector":"FMnnU/F/46dQsdkdJpuecD.77","action":"GetUpdates", "result":"DeleteReceived", "context":{"id":"823c728e-ec12-4c2a-b158-cc2b429dc98b", "isDeleted:":"true", "version":"1711912077450"}}
{"logTime": "0407/001303", "correlationVector":"FMnnU/F/46dQsdkdJpuecD.78","action":"GetUpdates", "result":"DeleteReceived", "context":{"id":"af0ebaeb-a441-45a6-9bac-5ae3602653b5", "isDeleted:":"true", "version":"1711914835074"}}
{"logTime": "0407/001303", "correlationVector":"FMnnU/F/46dQsdkdJpuecD.79","action":"GetUpdates", "result":"DeleteReceived", "context":{"id":"1bf53eea-adc2-4d95-9979-0dcb632cf8e5", "isDeleted:":"true", "version":"1711914922414"}}
{"logTime": "0407/001303", "correlationVector":"FMnnU/F/46dQsdkdJpuecD.80","action":"GetUpdates", "result":"DeleteReceived", "context":{"id":"0b404c81-95ba-40ca-b1cd-c6cce62fd92f", "isDeleted:":"true", "version":"1711914922418"}}
{"logTime": "0407/001303", "correlationVector":"FMnnU/F/46dQsdkdJpuecD.81","action":"GetUpdates", "result":"DeleteReceived", "context":{"id":"48588f11-262d-4bfc-9d60-2f2e3dc32cd0", "isDeleted:":"true", "version":"1711914946993"}}
{"logTime": "0407/001303", "correlationVector":"FMnnU/F/46dQsdkdJpuecD.82","action":"GetUpdates", "result":"DeleteReceived", "context":{"id":"9b46d009-5001-498c-b4cc-dbfb25c498c4", "isDeleted:":"true", "version":"1711914946995"}}
{"logTime": "0407/001303", "correlationVector":"FMnnU/F/46dQsdkdJpuecD.83","action":"GetUpdates", "result":"DeleteReceived", "context":{"id":"2495864a-d54d-4da2-b182-d02ccecc65e9", "isDeleted:":"true", "version":"1711914946996"}}
{"logTime": "0407/001303", "correlationVector":"FMnnU/F/46dQsdkdJpuecD.84","action":"GetUpdates", "result":"DeleteReceived", "context":{"id":"5d489524-bb99-41e3-957e-8c79e0d80643", "isDeleted:":"true", "version":"1711914946997"}}
{"logTime": "0407/001303", "correlationVector":"FMnnU/F/46dQsdkdJpuecD.85","action":"GetUpdates", "result":"DeleteReceived", "context":{"id":"79d10550-c050-4156-9f59-ae9c6cbe2854", "isDeleted:":"true", "version":"1711914946998"}}
{"logTime": "0407/001303", "correlationVector":"FMnnU/F/46dQsdkdJpuecD.86","action":"GetUpdates", "result":"DeleteReceived", "context":{"id":"7943a0b2-e2c9-4bee-b179-1199d090bfd4", "isDeleted:":"true", "version":"1711914946999"}}
{"logTime": "0407/001303", "correlationVector":"FMnnU/F/46dQsdkdJpuecD.87","action":"GetUpdates", "result":"DeleteReceived", "context":{"id":"75acf378-521a-42c9-af33-7fbf3fb196a9", "isDeleted:":"true", "version":"1711914947001"}}
{"logTime": "0407/001303", "correlationVector":"FMnnU/F/46dQsdkdJpuecD.88","action":"GetUpdates", "result":"DeleteReceived", "context":{"id":"3be2363f-a636-404f-acc2-59281f7867dd", "isDeleted:":"true", "version":"1711916698682"}}
{"logTime": "0407/001303", "correlationVector":"FMnnU/F/46dQsdkdJpuecD.89","action":"GetUpdates", "result":"DeleteReceived", "context":{"id":"33d21213-b20f-45af-876b-0f1ff5b36220", "isDeleted:":"true", "version":"1711916698683"}}
{"logTime": "0407/001303", "correlationVector":"FMnnU/F/46dQsdkdJpuecD.90","action":"GetUpdates", "result":"DeleteReceived", "context":{"id":"f9de436a-b0a3-4974-9c80-e0382bceb583", "isDeleted:":"true", "version":"1711969836961"}}
{"logTime": "0407/001303", "correlationVector":"FMnnU/F/46dQsdkdJpuecD.91","action":"GetUpdates", "result":"DeleteReceived", "context":{"id":"167c2f59-e133-4df5-b891-970c2b0a52d8", "isDeleted:":"true", "version":"1711969836962"}}
{"logTime": "0407/001303", "correlationVector":"FMnnU/F/46dQsdkdJpuecD.92","action":"GetUpdates", "result":"DeleteReceived", "context":{"id":"8135388b-1a55-4e50-acda-c6a6e5199b10", "isDeleted:":"true", "version":"1711969836964"}}
{"logTime": "0407/001303", "correlationVector":"FMnnU/F/46dQsdkdJpuecD.93","action":"GetUpdates", "result":"DeleteReceived", "context":{"id":"07d11b60-6aa6-4e41-9b9e-d797f22520ca", "isDeleted:":"true", "version":"1711970655603"}}
{"logTime": "0407/001303", "correlationVector":"FMnnU/F/46dQsdkdJpuecD.94","action":"GetUpdates", "result":"DeleteReceived", "context":{"id":"c9152295-c0c1-4e1a-aac8-17c47335d347", "isDeleted:":"true", "version":"1711973375158"}}
{"logTime": "0407/001303", "correlationVector":"FMnnU/F/46dQsdkdJpuecD.95","action":"GetUpdates", "result":"DeleteReceived", "context":{"id":"0b9906d0-f93e-457d-b394-53c892494faa", "isDeleted:":"true", "version":"1711973375159"}}
{"logTime": "0407/001303", "correlationVector":"FMnnU/F/46dQsdkdJpuecD.96","action":"GetUpdates", "result":"DeleteReceived", "context":{"id":"5e263630-1a1c-499c-b169-cc7e99b5355e", "isDeleted:":"true", "version":"1711973375160"}}
{"logTime": "0407/001303", "correlationVector":"FMnnU/F/46dQsdkdJpuecD.97","action":"GetUpdates", "result":"DeleteReceived", "context":{"id":"16f71eed-ef2d-4f47-aced-381ad922d243", "isDeleted:":"true", "version":"1711973375161"}}
{"logTime": "0407/001303", "correlationVector":"FMnnU/F/46dQsdkdJpuecD.98","action":"GetUpdates", "result":"DeleteReceived", "context":{"id":"00c21c2d-94f0-4a2d-abb2-7fd9e1a21e0b", "isDeleted:":"true", "version":"1711973375162"}}
{"logTime": "0407/001303", "correlationVector":"FMnnU/F/46dQsdkdJpuecD.99","action":"GetUpdates", "result":"DeleteReceived", "context":{"id":"fc7b2858-67b0-4b42-8a2a-09ae046c2478", "isDeleted:":"true", "version":"1712011211367"}}
{"logTime": "0407/001303", "correlationVector":"FMnnU/F/46dQsdkdJpuecD.100","action":"GetUpdates", "result":"DeleteReceived", "context":{"id":"e3597540-5f50-437d-ad71-69f4f95be2cb", "isDeleted:":"true", "version":"1712011393357"}}
{"logTime": "0407/001303", "correlationVector":"FMnnU/F/46dQsdkdJpuecD.101","action":"GetUpdates", "result":"DeleteReceived", "context":{"id":"f715da87-86df-4c87-88d9-5988e20d7561", "isDeleted:":"true", "version":"1712011662888"}}
{"logTime": "0407/001303", "correlationVector":"FMnnU/F/46dQsdkdJpuecD.102","action":"GetUpdates", "result":"DeleteReceived", "context":{"id":"9e196f9f-28e8-4917-9367-93e06fbba2d9", "isDeleted:":"true", "version":"1712011703315"}}
{"logTime": "0407/001303", "correlationVector":"FMnnU/F/46dQsdkdJpuecD.103","action":"GetUpdates", "result":"DeleteReceived", "context":{"id":"023733c8-dd16-4bca-bfc7-cea0b403e174", "isDeleted:":"true", "version":"1712012287598"}}
{"logTime": "0407/001303", "correlationVector":"FMnnU/F/46dQsdkdJpuecD.104","action":"GetUpdates", "result":"DeleteReceived", "context":{"id":"80dd29f4-4710-4cef-8a29-ce6cc938a2aa", "isDeleted:":"true", "version":"1712085815460"}}
{"logTime": "0407/001303", "correlationVector":"FMnnU/F/46dQsdkdJpuecD.105","action":"GetUpdates", "result":"DeleteReceived", "context":{"id":"0b030228-af67-42e9-b8e8-227100fa4db8", "isDeleted:":"true", "version":"1712086209556"}}
{"logTime": "0407/001303", "correlationVector":"FMnnU/F/46dQsdkdJpuecD.106","action":"GetUpdates", "result":"DeleteReceived", "context":{"id":"7d4017cd-f10f-4d07-b6e2-4fbce0368237", "isDeleted:":"true", "version":"1712087046127"}}
{"logTime": "0407/001303", "correlationVector":"FMnnU/F/46dQsdkdJpuecD.107","action":"GetUpdates", "result":"DeleteReceived", "context":{"id":"7bd885b8-9280-4e93-ac37-c8f273a9089f", "isDeleted:":"true", "version":"1712087046128"}}
{"logTime": "0407/001303", "correlationVector":"FMnnU/F/46dQsdkdJpuecD.108","action":"GetUpdates", "result":"DeleteReceived", "context":{"id":"57fd8828-4b30-4edb-94b4-10e2694776c6", "isDeleted:":"true", "version":"1712087046130"}}
{"logTime": "0407/001303", "correlationVector":"FMnnU/F/46dQsdkdJpuecD.109","action":"GetUpdates", "result":"DeleteReceived", "context":{"id":"4c0a1331-48df-4062-b673-1e3ad14690d6", "isDeleted:":"true", "version":"1712087232075"}}
{"logTime": "0407/001303", "correlationVector":"FMnnU/F/46dQsdkdJpuecD.110","action":"GetUpdates", "result":"DeleteReceived", "context":{"id":"8c227cde-cdb0-447a-8f0f-5060dca95e76", "isDeleted:":"true", "version":"1712087232076"}}
{"logTime": "0407/001303", "correlationVector":"FMnnU/F/46dQsdkdJpuecD.111","action":"GetUpdates", "result":"DeleteReceived", "context":{"id":"e92f60a8-6ac7-44de-a72c-404e46800df9", "isDeleted:":"true", "version":"1712091255157"}}
{"logTime": "0407/001303", "correlationVector":"FMnnU/F/46dQsdkdJpuecD.112","action":"GetUpdates", "result":"DeleteReceived", "context":{"id":"51c2bb99-fa3f-4f60-8c72-eb14f92fe13a", "isDeleted:":"true", "version":"1712241218053"}}
{"logTime": "0407/001304", "correlationVector":"FMnnU/F/46dQsdkdJpuecD.113","action":"GetUpdates", "result":"DeleteReceived", "context":{"id":"a4360c29-08b8-4ff3-b920-5c23a0b365f1", "isDeleted:":"true", "version":"1712241218055"}}
{"logTime": "0407/001304", "correlationVector":"FMnnU/F/46dQsdkdJpuecD.114","action":"GetUpdates", "result":"DeleteReceived", "context":{"id":"09570bc2-3ef9-4a9d-9b6e-443ddcc78ff2", "isDeleted:":"true", "version":"1712241218056"}}
{"logTime": "0407/001304", "correlationVector":"FMnnU/F/46dQsdkdJpuecD.115","action":"GetUpdates", "result":"DeleteReceived", "context":{"id":"4966fe9e-3719-464c-91ad-1730d522f0e6", "isDeleted:":"true", "version":"1712241218057"}}
{"logTime": "0407/001304", "correlationVector":"FMnnU/F/46dQsdkdJpuecD.116","action":"GetUpdates", "result":"DeleteReceived", "context":{"id":"ce68ebc6-c76b-4fda-acbc-6969bf19b727", "isDeleted:":"true", "version":"1712241218058"}}
{"logTime": "0407/001304", "correlationVector":"FMnnU/F/46dQsdkdJpuecD.117","action":"GetUpdates", "result":"DeleteReceived", "context":{"id":"ca4549a7-0960-4d18-b8c8-f342bb24d7e9", "isDeleted:":"true", "version":"1712241218059"}}
{"logTime": "0407/001304", "correlationVector":"FMnnU/F/46dQsdkdJpuecD.118","action":"GetUpdates", "result":"DeleteReceived", "context":{"id":"9c8156ca-3d92-4310-ae08-d5d4e04e795d", "isDeleted:":"true", "version":"1712241218061"}}
{"logTime": "0407/001304", "correlationVector":"FMnnU/F/46dQsdkdJpuecD.119","action":"GetUpdates", "result":"DeleteReceived", "context":{"id":"009e3037-5a0c-4611-87f4-02353a4e8891", "isDeleted:":"true", "version":"1712241218062"}}
{"logTime": "0407/001304", "correlationVector":"FMnnU/F/46dQsdkdJpuecD.120","action":"GetUpdates", "result":"DeleteReceived", "context":{"id":"e5cd212a-1c39-4c64-ab29-1bd0cae40a6f", "isDeleted:":"true", "version":"1712241218063"}}
{"logTime": "0407/001304", "correlationVector":"FMnnU/F/46dQsdkdJpuecD.121","action":"GetUpdates", "result":"DeleteReceived", "context":{"id":"ba2b320e-ed26-4e0b-9e9a-de1c965c8297", "isDeleted:":"true", "version":"1712241218065"}}
{"logTime": "0407/001304", "correlationVector":"FMnnU/F/46dQsdkdJpuecD.122","action":"GetUpdates", "result":"DeleteReceived", "context":{"id":"3473b53e-f0ba-4160-a12c-a57b935b3149", "isDeleted:":"true", "version":"1712329968484"}}
{"logTime": "0407/001304", "correlationVector":"FMnnU/F/46dQsdkdJpuecD.123","action":"GetUpdates", "result":"DeleteReceived", "context":{"id":"f44fc9d5-5b38-4f1b-97b8-b9fed20dfcbd", "isDeleted:":"true", "version":"1712329972407"}}
{"logTime": "0407/001304", "correlationVector":"FMnnU/F/46dQsdkdJpuecD.124","action":"GetUpdates", "result":"DeleteReceived", "context":{"id":"01d0cdc0-6df6-40a6-a333-81ec2786f4a3", "isDeleted:":"true", "version":"1712331103766"}}
{"logTime": "0407/001304", "correlationVector":"FMnnU/F/46dQsdkdJpuecD.125","action":"GetUpdates", "result":"DeleteReceived", "context":{"id":"8d80cd7e-872d-4416-8ccf-959298e9593b", "isDeleted:":"true", "version":"1712331103767"}}
{"logTime": "0407/001304", "correlationVector":"FMnnU/F/46dQsdkdJpuecD.126","action":"GetUpdates", "result":"DeleteReceived", "context":{"id":"1a6f2ed4-19dc-475a-b200-f6e6d7e00d26", "isDeleted:":"true", "version":"1712331281347"}}
{"logTime": "0407/001304", "correlationVector":"FMnnU/F/46dQsdkdJpuecD.127","action":"GetUpdates", "result":"DeleteReceived", "context":{"id":"cc91dfac-2c01-4a6c-9aad-ca29b04d3bb7", "isDeleted:":"true", "version":"1712331281348"}}
{"logTime": "0407/001304", "correlationVector":"FMnnU/F/46dQsdkdJpuecD.128","action":"GetUpdates", "result":"DeleteReceived", "context":{"id":"0f80ede0-f3f4-4ad6-829c-4a7429a8c983", "isDeleted:":"true", "version":"1712418459612"}}
{"logTime": "0407/001304", "correlationVector":"FMnnU/F/46dQsdkdJpuecD.129","action":"GetUpdates", "result":"DeleteReceived", "context":{"id":"09aaa9c2-daba-4299-b0f4-ae68ed2a4957", "isDeleted:":"true", "version":"1712418486934"}}
{"logTime": "0407/001304", "correlationVector":"FMnnU/F/46dQsdkdJpuecD.130","action":"GetUpdates", "result":"DeleteReceived", "context":{"id":"0ec32452-9473-441f-8051-34f6571f7ae4", "isDeleted:":"true", "version":"1712418486937"}}
{"logTime": "0407/001304", "correlationVector":"FMnnU/F/46dQsdkdJpuecD.131","action":"GetUpdates", "result":"DeleteReceived", "context":{"id":"172fa717-18fc-40ad-aa09-051bfd32cd2e", "isDeleted:":"true", "version":"1712423575457"}}
{"logTime": "0407/001304", "correlationVector":"FMnnU/F/46dQsdkdJpuecD.132","action":"GetUpdates", "result":"DeleteReceived", "context":{"id":"a91764d3-3715-4f6a-9d15-179d16357116", "isDeleted:":"true", "version":"1712423575458"}}
{"logTime": "0407/001304", "correlationVector":"FMnnU/F/46dQsdkdJpuecD.133","action":"GetUpdates", "result":"DeleteReceived", "context":{"id":"7ba2d724-14af-429b-a348-509f3496a4c6", "isDeleted:":"true", "version":"1712424822438"}}
{"logTime": "0407/001304", "correlationVector":"FMnnU/F/46dQsdkdJpuecD.134","action":"GetUpdates", "result":"DeleteReceived", "context":{"id":"1a5ae3b6-45ad-44bd-a341-c84eac127791", "isDeleted:":"true", "version":"1712425941137"}}
{"logTime": "0407/001304", "correlationVector":"FMnnU/F/46dQsdkdJpuecD.135","action":"GetUpdates", "result":"DeleteReceived", "context":{"id":"a67c1403-776f-4e9b-a9d2-6be7cb3a52fd", "isDeleted:":"true", "version":"1712426085292"}}
{"logTime": "0407/001304", "correlationVector":"FMnnU/F/46dQsdkdJpuecD.136","action":"GetUpdates", "result":"DeleteReceived", "context":{"id":"e2b5a8dd-7e67-483e-aac9-1564c9a95183", "isDeleted:":"true", "version":"1712426184678"}}
{"logTime": "0407/001304", "correlationVector":"FMnnU/F/46dQsdkdJpuecD.137","action":"GetUpdates", "result":"DeleteReceived", "context":{"id":"234dbc29-417d-465a-b12a-a85eedffe02d", "isDeleted:":"true", "version":"1712426630606"}}
{"logTime": "0407/001304", "correlationVector":"FMnnU/F/46dQsdkdJpuecD.138","action":"GetUpdates", "result":"DeleteReceived", "context":{"id":"698b58a0-4319-4423-b5d9-1a7eade25490", "isDeleted:":"true", "version":"1712428295196"}}
{"logTime": "0407/001304", "correlationVector":"FMnnU/F/46dQsdkdJpuecD.139","action":"GetUpdates", "result":"DeleteReceived", "context":{"id":"797527d3-45ca-4017-8855-d92193753e99", "isDeleted:":"true", "version":"1712428295198"}}
{"logTime": "0407/001304", "correlationVector":"FMnnU/F/46dQsdkdJpuecD.140","action":"GetUpdates", "result":"DeleteReceived", "context":{"id":"11220c3b-68d1-45fd-8e80-40ef627348bb", "isDeleted:":"true", "version":"1712430588448"}}
{"logTime": "0407/001304", "correlationVector":"FMnnU/F/46dQsdkdJpuecD.141","action":"GetUpdates", "result":"DeleteReceived", "context":{"id":"3e646a39-63db-44c9-8354-dffe705e0610", "isDeleted:":"true", "version":"1712430588449"}}
{"logTime": "0407/001304", "correlationVector":"FMnnU/F/46dQsdkdJpuecD.142","action":"GetUpdates", "result":"DeleteReceived", "context":{"id":"5c87ee55-75d4-4431-80fa-d85117937d91", "isDeleted:":"true", "version":"1712431625428"}}
{"logTime": "0407/001304", "correlationVector":"FMnnU/F/46dQsdkdJpuecD.143","action":"GetUpdates", "result":"DeleteReceived", "context":{"id":"fca72ffa-8523-438d-8257-e6bb2150aeb0", "isDeleted:":"true", "version":"1712431625432"}}
{"logTime": "0407/001304", "correlationVector":"FMnnU/F/46dQsdkdJpuecD.144","action":"GetUpdates", "result":"DeleteReceived", "context":{"id":"b45ee0c1-cef4-4acc-bcf7-7df0aea07cfd", "isDeleted:":"true", "version":"1712433719735"}}
{"logTime": "0407/001304", "correlationVector":"FMnnU/F/46dQsdkdJpuecD.145","action":"GetUpdates", "result":"DeleteReceived", "context":{"id":"9706a818-ee04-4d9b-97aa-a6ce2e9072a4", "isDeleted:":"true", "version":"1712448495106"}}
{"logTime": "0407/001304", "correlationVector":"FMnnU/F/46dQsdkdJpuecD.146","action":"GetUpdates Response", "result":"Success", "context":Received 163 update(s). cV=FMnnU/F/46dQsdkdJpuecD.0;server=GENERAL0100000V;cloudType=Consumer;environment=Prod_WestEurope_000l;migrationStage=NotStarted}
{"logTime": "0407/001304", "correlationVector":"X8C/iHIay4Zufq8X5BE+pG","action":"Normal GetUpdate request", "result":"", "context":cV=X8C/iHIay4Zufq8X5BE+pG
Nudged types: Bookmarks, Typed URLs, Sessions, Device Info, User Consents
Refresh requested types: Bookmarks, Preferences, Passwords, Autofill Profiles, Typed URLs, Extensions, Sessions, Extension settings, History Delete Directives, Device Info, User Consents, Send Tab To Self, Web Apps, Collection, Edge E Drop, Edge Hub App Usage, Edge Tab Group, Edge Wallet, Encryption Keys}
{"logTime": "0407/001304", "correlationVector":"X8C/iHIay4Zufq8X5BE+pG.1","action":"SyncServerConnectionManagerRequest", "result":"SYNC_SERVER_OK", "context":{"environment":"Prod_WestEurope_000l", "migrationStage":"NotStarted", "server":"GENERAL0100000F"}}
{"logTime": "0407/001304", "correlationVector":"X8C/iHIay4Zufq8X5BE+pG.2","action":"GetUpdates Response", "result":"Success", "context":Received 0 update(s). cV=X8C/iHIay4Zufq8X5BE+pG.0;server=GENERAL0100000F;cloudType=Consumer;environment=Prod_WestEurope_000l;migrationStage=NotStarted}
{"logTime": "0407/001304", "correlationVector":"1jjT2R8MG70z9rty4wInEb","action":"Commit Request", "result":"", "context":Item count: 11
Contributing types: Bookmarks, Typed URLs, Sessions, Device Info, User Consents}
{"logTime": "0407/001304", "correlationVector":"1jjT2R8MG70z9rty4wInEb.1","action":"SyncServerConnectionManagerRequest", "result":"SYNC_SERVER_OK", "context":{"environment":"Prod_WestEurope_000l", "migrationStage":"NotStarted", "server":"GENERAL0100000H"}}
{"logTime": "0407/001304", "correlationVector":"1jjT2R8MG70z9rty4wInEb.2","action":"Commit Response", "result":"Success", "context":Result: Success. cV=1jjT2R8MG70z9rty4wInEb.0;server=GENERAL0100000H;cloudType=Consumer;environment=Prod_WestEurope_000l;migrationStage=NotStarted}
{"logTime": "0407/001304", "correlationVector":"uLP2hPbk9evMdcKzGH/ivI","action":"Commit Request", "result":"", "context":Item count: 1
Contributing types: Edge Hub App Usage}
{"logTime": "0407/001304", "correlationVector":"uLP2hPbk9evMdcKzGH/ivI.1","action":"SyncServerConnectionManagerRequest", "result":"SYNC_SERVER_OK", "context":{"environment":"Prod_WestEurope_000l", "migrationStage":"NotStarted", "server":"GENERAL0100000L"}}
{"logTime": "0407/001304", "correlationVector":"uLP2hPbk9evMdcKzGH/ivI.2","action":"Commit Response", "result":"Success", "context":Result: Success. cV=uLP2hPbk9evMdcKzGH/ivI.0;server=GENERAL0100000L;cloudType=Consumer;environment=Prod_WestEurope_000l;migrationStage=NotStarted}
{"logTime": "0407/005832", "correlationVector":"3kw34/2FWWdZAOKTusdY55","action":"SyncServerConnectionManagerRequest", "result":"SYNC_SERVER_OK", "context":{"environment":"", "migrationStage":"", "server":""}}
{"logTime": "0407/005832", "correlationVector":"QPyHR2Q9gvK6g8x8B8yzHy.1","action":"SyncServerConnectionManagerRequest", "result":"SYNC_SERVER_OK", "context":{"environment":"Prod_WestEurope_000l", "migrationStage":"NotStarted", "server":"GENERAL0100000L"}}
{"logTime": "0407/005832", "correlationVector":"QPyHR2Q9gvK6g8x8B8yzHy","action":"Initial GetUpdates", "result":"", "context":Reason: NEW_CLIENT. cV=QPyHR2Q9gvK6g8x8B8yzHy}
{"logTime": "0407/005832", "correlationVector":"QPyHR2Q9gvK6g8x8B8yzHy.2","action":"GetUpdates Response", "result":"Success", "context":Received 1 update(s). cV=QPyHR2Q9gvK6g8x8B8yzHy.0;server=GENERAL0100000L;cloudType=Consumer;environment=Prod_WestEurope_000l;migrationStage=NotStarted}
{"logTime": "0407/005832", "correlationVector":"kqlzGgAh19RbMG823dqsQJ","action":"Initial GetUpdates", "result":"", "context":Reason: NEWLY_SUPPORTED_DATATYPE. cV=kqlzGgAh19RbMG823dqsQJ}
{"logTime": "0407/005832", "correlationVector":"kqlzGgAh19RbMG823dqsQJ.1","action":"SyncServerConnectionManagerRequest", "result":"SYNC_SERVER_OK", "context":{"environment":"Prod_WestEurope_000l", "migrationStage":"NotStarted", "server":"GENERAL01000003"}}
{"logTime": "0407/005832", "correlationVector":"kqlzGgAh19RbMG823dqsQJ.2","action":"GetUpdates", "result":"DeleteReceived", "context":{"id":"76af224f-06ba-45f2-b6e0-42e23ca02303", "isDeleted:":"true", "version":"1683372816966"}}
{"logTime": "0407/005832", "correlationVector":"kqlzGgAh19RbMG823dqsQJ.3","action":"GetUpdates", "result":"DeleteReceived", "context":{"id":"3684a6f8-7576-4a39-a5fa-b4cc1ba5775a", "isDeleted:":"true", "version":"1689335438556"}}
{"logTime": "0407/005832", "correlationVector":"kqlzGgAh19RbMG823dqsQJ.4","action":"GetUpdates", "result":"DeleteReceived", "context":{"id":"669a560e-ab1d-465a-a8aa-fde6109a4042", "isDeleted:":"true", "version":"1692860174970"}}
{"logTime": "0407/005832", "correlationVector":"kqlzGgAh19RbMG823dqsQJ.5","action":"GetUpdates", "result":"DeleteReceived", "context":{"id":"2cf6caa4-3f52-4e78-9ecf-c0be0461d67a", "isDeleted:":"true", "version":"1692860202722"}}
{"logTime": "0407/005832", "correlationVector":"kqlzGgAh19RbMG823dqsQJ.6","action":"GetUpdates", "result":"DeleteReceived", "context":{"id":"b1214cc6-1d10-47d3-9ed8-fd7af4db5cf2", "isDeleted:":"true", "version":"1699895051338"}}
{"logTime": "0407/005832", "correlationVector":"kqlzGgAh19RbMG823dqsQJ.7","action":"GetUpdates", "result":"DeleteReceived", "context":{"id":"d0aabd90-d9a0-4f4e-b259-ba328240e550", "isDeleted:":"true", "version":"1701723099996"}}
{"logTime": "0407/005832", "correlationVector":"kqlzGgAh19RbMG823dqsQJ.8","action":"GetUpdates Response", "result":"Success", "context":Received 82 update(s). cV=kqlzGgAh19RbMG823dqsQJ.0;server=GENERAL01000003;cloudType=Consumer;environment=Prod_WestEurope_000l;migrationStage=NotStarted}
{"logTime": "0407/005832", "correlationVector":"CIeMaEAnNWtwydUm5GCDIa","action":"Initial GetUpdates", "result":"", "context":Reason: NEWLY_SUPPORTED_DATATYPE. cV=CIeMaEAnNWtwydUm5GCDIa}
{"logTime": "0407/005832", "correlationVector":"CIeMaEAnNWtwydUm5GCDIa.1","action":"SyncServerConnectionManagerRequest", "result":"SYNC_SERVER_OK", "context":{"environment":"Prod_WestEurope_000l", "migrationStage":"NotStarted", "server":"GENERAL01000023"}}
{"logTime": "0407/005832", "correlationVector":"CIeMaEAnNWtwydUm5GCDIa.2","action":"GetUpdates Response", "result":"Success", "context":Received 0 update(s). cV=CIeMaEAnNWtwydUm5GCDIa.0;server=GENERAL01000023;cloudType=Consumer;environment=Prod_WestEurope_000l;migrationStage=NotStarted}
{"logTime": "0407/005832", "correlationVector":"jQUcpUEQzbUbmHU3tC/K8f","action":"Normal GetUpdate request", "result":"", "context":cV=jQUcpUEQzbUbmHU3tC/K8f
Nudged types: Sessions
Refresh requested types: Bookmarks, Preferences, Passwords, Autofill Profiles, Typed URLs, Extensions, Sessions, Extension settings, History Delete Directives, Device Info, User Consents, Send Tab To Self, Web Apps, Collection, Edge E Drop, Edge Hub App Usage, Edge Tab Group, Edge Wallet, Encryption Keys}
{"logTime": "0407/005832", "correlationVector":"jQUcpUEQzbUbmHU3tC/K8f.1","action":"SyncServerConnectionManagerRequest", "result":"SYNC_SERVER_OK", "context":{"environment":"Prod_WestEurope_000l", "migrationStage":"NotStarted", "server":"GENERAL01000018"}}
{"logTime": "0407/005832", "correlationVector":"jQUcpUEQzbUbmHU3tC/K8f.2","action":"GetUpdates", "result":"DeleteReceived", "context":{"id":"b3b81d19-c3e0-4cc9-91f3-8e9dd3b0bf37", "isDeleted:":"true", "version":"1712450083296"}}
{"logTime": "0407/005832", "correlationVector":"jQUcpUEQzbUbmHU3tC/K8f.3","action":"GetUpdates", "result":"DeleteReceived", "context":{"id":"e695039b-1d06-47c8-b4dd-09b32eaf8f59", "isDeleted:":"true", "version":"1712450545018"}}
{"logTime": "0407/005832", "correlationVector":"jQUcpUEQzbUbmHU3tC/K8f.4","action":"GetUpdates Response", "result":"Success", "context":Received 16 update(s). cV=jQUcpUEQzbUbmHU3tC/K8f.0;server=GENERAL01000018;cloudType=Consumer;environment=Prod_WestEurope_000l;migrationStage=NotStarted}
{"logTime": "0407/005832", "correlationVector":"qP5VxvgkFLNlDPapbSho4x","action":"Commit Request", "result":"", "context":Item count: 3
Contributing types: Sessions}
{"logTime": "0407/005832", "correlationVector":"qP5VxvgkFLNlDPapbSho4x.1","action":"SyncServerConnectionManagerRequest", "result":"SYNC_SERVER_OK", "context":{"environment":"Prod_WestEurope_000l", "migrationStage":"NotStarted", "server":"GENERAL01000004"}}
{"logTime": "0407/005832", "correlationVector":"qP5VxvgkFLNlDPapbSho4x.2","action":"Commit Response", "result":"Success", "context":Result: Success. cV=qP5VxvgkFLNlDPapbSho4x.0;server=GENERAL01000004;cloudType=Consumer;environment=Prod_WestEurope_000l;migrationStage=NotStarted}
{"logTime": "0407/005832", "correlationVector":"qP5VxvgkFLNlDPapbSho4x.3","action":"Commit.Sessions", "result":"Success", "context":{"id":"4899b10f-5f94-48f3-870d-c009b8c6e224", "isDeleted":"true", "size":"0", "version":"1712448776325"}}
{"logTime": "0407/005850", "correlationVector":"JLJ38NIPJ4KVEkntXLeiGT","action":"Normal GetUpdate request", "result":"", "context":cV=JLJ38NIPJ4KVEkntXLeiGT
Nudged types: Preferences, Passwords, Sessions}
{"logTime": "0407/005851", "correlationVector":"JLJ38NIPJ4KVEkntXLeiGT.1","action":"SyncServerConnectionManagerRequest", "result":"SYNC_SERVER_OK", "context":{"environment":"Prod_WestEurope_000l", "migrationStage":"NotStarted", "server":"GENERAL0100000G"}}
{"logTime": "0407/005851", "correlationVector":"JLJ38NIPJ4KVEkntXLeiGT.2","action":"GetUpdates", "result":"DeleteReceived", "context":{"id":"4899b10f-5f94-48f3-870d-c009b8c6e224", "isDeleted:":"true", "version":"1712451499935"}}
{"logTime": "0407/005851", "correlationVector":"JLJ38NIPJ4KVEkntXLeiGT.3","action":"GetUpdates Response", "result":"Success", "context":Received 3 update(s). cV=JLJ38NIPJ4KVEkntXLeiGT.0;server=GENERAL0100000G;cloudType=Consumer;environment=Prod_WestEurope_000l;migrationStage=NotStarted}
{"logTime": "0407/005851", "correlationVector":"2VjdfSBWWilVnrv0SAZJ/4","action":"Commit Request", "result":"", "context":Item count: 40
Contributing types: Passwords}
{"logTime": "0407/005852", "correlationVector":"2VjdfSBWWilVnrv0SAZJ/4.1","action":"SyncServerConnectionManagerRequest", "result":"SYNC_SERVER_OK", "context":{"environment":"Prod_WestEurope_000l", "migrationStage":"NotStarted", "server":"GENERAL0100000J"}}
{"logTime": "0407/005852", "correlationVector":"2VjdfSBWWilVnrv0SAZJ/4.2","action":"Commit Response", "result":"Success", "context":Result: Success. cV=2VjdfSBWWilVnrv0SAZJ/4.0;server=GENERAL0100000J;cloudType=Consumer;environment=Prod_WestEurope_000l;migrationStage=NotStarted}
{"logTime": "0407/005852", "correlationVector":"ms1C1KfM/eW3EyZ8MEK0vM","action":"Commit Request", "result":"", "context":Item count: 6
Contributing types: Preferences, Passwords, Sessions}
{"logTime": "0407/005853", "correlationVector":"ms1C1KfM/eW3EyZ8MEK0vM.1","action":"SyncServerConnectionManagerRequest", "result":"SYNC_SERVER_OK", "context":{"environment":"Prod_WestEurope_000l", "migrationStage":"NotStarted", "server":"GENERAL0100000K"}}
{"logTime": "0407/005853", "correlationVector":"ms1C1KfM/eW3EyZ8MEK0vM.2","action":"Commit Response", "result":"Success", "context":Result: Success. cV=ms1C1KfM/eW3EyZ8MEK0vM.0;server=GENERAL0100000K;cloudType=Consumer;environment=Prod_WestEurope_000l;migrationStage=NotStarted}
{"logTime": "0407/010325", "correlationVector":"X9ENdijO8XWoLzSW7LbFV4","action":"Normal GetUpdate request", "result":"", "context":cV=X9ENdijO8XWoLzSW7LbFV4
Refresh requested types: Bookmarks, Preferences, Passwords, Autofill Profiles, Typed URLs, Extensions, Sessions, Extension settings, History Delete Directives, Device Info, User Consents, Send Tab To Self, Web Apps, Collection, Edge E Drop, Edge Hub App Usage, Edge Tab Group, Edge Wallet, Encryption Keys}
{"logTime": "0407/010326", "correlationVector":"X9ENdijO8XWoLzSW7LbFV4.1","action":"SyncServerConnectionManagerRequest", "result":"SYNC_SERVER_OK", "context":{"environment":"Prod_WestEurope_000l", "migrationStage":"NotStarted", "server":"GENERAL01000009"}}
{"logTime": "0407/010326", "correlationVector":"X9ENdijO8XWoLzSW7LbFV4.2","action":"GetUpdates Response", "result":"Success", "context":Received 46 update(s). cV=X9ENdijO8XWoLzSW7LbFV4.0;server=GENERAL01000009;cloudType=Consumer;environment=Prod_WestEurope_000l;migrationStage=NotStarted}
{"logTime": "0407/021517", "correlationVector":"pbxqyt+XTqqouGliMWuV0K","action":"SyncServerConnectionManagerRequest", "result":"SYNC_SERVER_OK", "context":{"environment":"", "migrationStage":"", "server":""}}
{"logTime": "0407/021517", "correlationVector":"he8ohxwMoGrNZ+HniiURM2.1","action":"SyncServerConnectionManagerRequest", "result":"SYNC_SERVER_OK", "context":{"environment":"Prod_WestEurope_000l", "migrationStage":"NotStarted", "server":"GENERAL0100000Q"}}
{"logTime": "0407/021517", "correlationVector":"he8ohxwMoGrNZ+HniiURM2","action":"Initial GetUpdates", "result":"", "context":Reason: NEW_CLIENT. cV=he8ohxwMoGrNZ+HniiURM2}
{"logTime": "0407/021517", "correlationVector":"he8ohxwMoGrNZ+HniiURM2.2","action":"GetUpdates Response", "result":"Success", "context":Received 1 update(s). cV=he8ohxwMoGrNZ+HniiURM2.0;server=GENERAL0100000Q;cloudType=Consumer;environment=Prod_WestEurope_000l;migrationStage=NotStarted}
{"logTime": "0407/021517", "correlationVector":"uhz1xxhBZIPQgzpaZ8er4z","action":"Initial GetUpdates", "result":"", "context":Reason: NEWLY_SUPPORTED_DATATYPE. cV=uhz1xxhBZIPQgzpaZ8er4z}
{"logTime": "0407/021517", "correlationVector":"uhz1xxhBZIPQgzpaZ8er4z.1","action":"SyncServerConnectionManagerRequest", "result":"SYNC_SERVER_OK", "context":{"environment":"Prod_WestEurope_000l", "migrationStage":"NotStarted", "server":"GENERAL0100000H"}}
{"logTime": "0407/021517", "correlationVector":"uhz1xxhBZIPQgzpaZ8er4z.2","action":"GetUpdates", "result":"DeleteReceived", "context":{"id":"76af224f-06ba-45f2-b6e0-42e23ca02303", "isDeleted:":"true", "version":"1683372816966"}}
{"logTime": "0407/021517", "correlationVector":"uhz1xxhBZIPQgzpaZ8er4z.3","action":"GetUpdates", "result":"DeleteReceived", "context":{"id":"3684a6f8-7576-4a39-a5fa-b4cc1ba5775a", "isDeleted:":"true", "version":"1689335438556"}}
{"logTime": "0407/021517", "correlationVector":"uhz1xxhBZIPQgzpaZ8er4z.4","action":"GetUpdates", "result":"DeleteReceived", "context":{"id":"669a560e-ab1d-465a-a8aa-fde6109a4042", "isDeleted:":"true", "version":"1692860174970"}}
{"logTime": "0407/021517", "correlationVector":"uhz1xxhBZIPQgzpaZ8er4z.5","action":"GetUpdates", "result":"DeleteReceived", "context":{"id":"2cf6caa4-3f52-4e78-9ecf-c0be0461d67a", "isDeleted:":"true", "version":"1692860202722"}}
{"logTime": "0407/021517", "correlationVector":"uhz1xxhBZIPQgzpaZ8er4z.6","action":"GetUpdates", "result":"DeleteReceived", "context":{"id":"b1214cc6-1d10-47d3-9ed8-fd7af4db5cf2", "isDeleted:":"true", "version":"1699895051338"}}
{"logTime": "0407/021517", "correlationVector":"uhz1xxhBZIPQgzpaZ8er4z.7","action":"GetUpdates", "result":"DeleteReceived", "context":{"id":"d0aabd90-d9a0-4f4e-b259-ba328240e550", "isDeleted:":"true", "version":"1701723099996"}}
{"logTime": "0407/021517", "correlationVector":"uhz1xxhBZIPQgzpaZ8er4z.8","action":"GetUpdates Response", "result":"Success", "context":Received 82 update(s). cV=uhz1xxhBZIPQgzpaZ8er4z.0;server=GENERAL0100000H;cloudType=Consumer;environment=Prod_WestEurope_000l;migrationStage=NotStarted}
{"logTime": "0407/021517", "correlationVector":"G814arEozyl3jnEzzdDYgs","action":"Initial GetUpdates", "result":"", "context":Reason: NEWLY_SUPPORTED_DATATYPE. cV=G814arEozyl3jnEzzdDYgs}
{"logTime": "0407/021517", "correlationVector":"G814arEozyl3jnEzzdDYgs.1","action":"SyncServerConnectionManagerRequest", "result":"SYNC_SERVER_OK", "context":{"environment":"Prod_WestEurope_000l", "migrationStage":"NotStarted", "server":"GENERAL0100000K"}}
{"logTime": "0407/021517", "correlationVector":"G814arEozyl3jnEzzdDYgs.2","action":"GetUpdates Response", "result":"Success", "context":Received 0 update(s). cV=G814arEozyl3jnEzzdDYgs.0;server=GENERAL0100000K;cloudType=Consumer;environment=Prod_WestEurope_000l;migrationStage=NotStarted}
{"logTime": "0407/021517", "correlationVector":"V3El5ye2H13xhfTy/Q0GZS","action":"Normal GetUpdate request", "result":"", "context":cV=V3El5ye2H13xhfTy/Q0GZS
Nudged types: Sessions
Refresh requested types: Bookmarks, Preferences, Passwords, Autofill Profiles, Typed URLs, Extensions, Sessions, Extension settings, History Delete Directives, Device Info, User Consents, Send Tab To Self, Web Apps, Collection, Edge E Drop, Edge Hub App Usage, Edge Tab Group, Edge Wallet, Encryption Keys}
{"logTime": "0407/021517", "correlationVector":"V3El5ye2H13xhfTy/Q0GZS.1","action":"SyncServerConnectionManagerRequest", "result":"SYNC_SERVER_OK", "context":{"environment":"Prod_WestEurope_000l", "migrationStage":"NotStarted", "server":"GENERAL0100000I"}}
{"logTime": "0407/021517", "correlationVector":"V3El5ye2H13xhfTy/Q0GZS.2","action":"GetUpdates Response", "result":"Success", "context":Received 0 update(s). cV=V3El5ye2H13xhfTy/Q0GZS.0;server=GENERAL0100000I;cloudType=Consumer;environment=Prod_WestEurope_000l;migrationStage=NotStarted}
{"logTime": "0407/021517", "correlationVector":"gGljJMHVbK2F8EhlIieu4z","action":"Commit Request", "result":"", "context":Item count: 3
Contributing types: Sessions}
{"logTime": "0407/021517", "correlationVector":"gGljJMHVbK2F8EhlIieu4z.1","action":"SyncServerConnectionManagerRequest", "result":"SYNC_SERVER_OK", "context":{"environment":"Prod_WestEurope_000l", "migrationStage":"NotStarted", "server":"GENERAL0100000V"}}
{"logTime": "0407/021517", "correlationVector":"gGljJMHVbK2F8EhlIieu4z.3","action":"Commit.Sessions", "result":"Success", "context":{"id":"277b1fa5-50b9-49c7-85cf-81423b722741", "isDeleted":"true", "size":"0", "version":"1712451526052"}}
{"logTime": "0407/021517", "correlationVector":"gGljJMHVbK2F8EhlIieu4z.2","action":"Commit Response", "result":"Success", "context":Result: Success. cV=gGljJMHVbK2F8EhlIieu4z.0;server=GENERAL0100000V;cloudType=Consumer;environment=Prod_WestEurope_000l;migrationStage=NotStarted}
{"logTime": "0407/021540", "correlationVector":"bvuQ4yGAhcLgQVC9IKS9Sf","action":"Normal GetUpdate request", "result":"", "context":cV=bvuQ4yGAhcLgQVC9IKS9Sf
Nudged types: Sessions}
{"logTime": "0407/021540", "correlationVector":"bvuQ4yGAhcLgQVC9IKS9Sf.1","action":"SyncServerConnectionManagerRequest", "result":"SYNC_SERVER_OK", "context":{"environment":"Prod_WestEurope_000l", "migrationStage":"NotStarted", "server":"GENERAL01000001"}}
{"logTime": "0407/021540", "correlationVector":"bvuQ4yGAhcLgQVC9IKS9Sf.2","action":"GetUpdates", "result":"DeleteReceived", "context":{"id":"277b1fa5-50b9-49c7-85cf-81423b722741", "isDeleted:":"true", "version":"1712456103250"}}
{"logTime": "0407/021540", "correlationVector":"bvuQ4yGAhcLgQVC9IKS9Sf.3","action":"GetUpdates Response", "result":"Success", "context":Received 3 update(s). cV=bvuQ4yGAhcLgQVC9IKS9Sf.0;server=GENERAL01000001;cloudType=Consumer;environment=Prod_WestEurope_000l;migrationStage=NotStarted}
{"logTime": "0407/021540", "correlationVector":"4nQOE4rm3AeOHSTbdghbpt","action":"Commit Request", "result":"", "context":Item count: 1
Contributing types: Sessions}
{"logTime": "0407/021540", "correlationVector":"4nQOE4rm3AeOHSTbdghbpt.1","action":"SyncServerConnectionManagerRequest", "result":"SYNC_SERVER_OK", "context":{"environment":"Prod_WestEurope_000l", "migrationStage":"NotStarted", "server":"GENERAL0100000I"}}
{"logTime": "0407/021540", "correlationVector":"4nQOE4rm3AeOHSTbdghbpt.2","action":"Commit Response", "result":"Success", "context":Result: Success. cV=4nQOE4rm3AeOHSTbdghbpt.0;server=GENERAL0100000I;cloudType=Consumer;environment=Prod_WestEurope_000l;migrationStage=NotStarted}
{"logTime": "0407/022536", "correlationVector":"MnyBENItDWECxumpZTDlte","action":"SyncServerConnectionManagerRequest", "result":"SYNC_SERVER_OK", "context":{"environment":"", "migrationStage":"", "server":""}}
{"logTime": "0407/022536", "correlationVector":"OnZaoJtbWZJ3FaVetMfyVF.1","action":"SyncServerConnectionManagerRequest", "result":"SYNC_SERVER_OK", "context":{"environment":"Prod_WestEurope_000l", "migrationStage":"NotStarted", "server":"GENERAL0100000A"}}
{"logTime": "0407/022536", "correlationVector":"OnZaoJtbWZJ3FaVetMfyVF","action":"Initial GetUpdates", "result":"", "context":Reason: NEW_CLIENT. cV=OnZaoJtbWZJ3FaVetMfyVF}
{"logTime": "0407/022536", "correlationVector":"OnZaoJtbWZJ3FaVetMfyVF.2","action":"GetUpdates Response", "result":"Success", "context":Received 1 update(s). cV=OnZaoJtbWZJ3FaVetMfyVF.0;server=GENERAL0100000A;cloudType=Consumer;environment=Prod_WestEurope_000l;migrationStage=NotStarted}
{"logTime": "0407/022536", "correlationVector":"8JAuP+osTWac1Wnnmp4FRP","action":"Initial GetUpdates", "result":"", "context":Reason: NEWLY_SUPPORTED_DATATYPE. cV=8JAuP+osTWac1Wnnmp4FRP}
{"logTime": "0407/022536", "correlationVector":"8JAuP+osTWac1Wnnmp4FRP.1","action":"SyncServerConnectionManagerRequest", "result":"SYNC_SERVER_OK", "context":{"environment":"Prod_WestEurope_000l", "migrationStage":"NotStarted", "server":"GENERAL01000014"}}
{"logTime": "0407/022536", "correlationVector":"8JAuP+osTWac1Wnnmp4FRP.2","action":"GetUpdates", "result":"DeleteReceived", "context":{"id":"76af224f-06ba-45f2-b6e0-42e23ca02303", "isDeleted:":"true", "version":"1683372816966"}}
{"logTime": "0407/022536", "correlationVector":"8JAuP+osTWac1Wnnmp4FRP.3","action":"GetUpdates", "result":"DeleteReceived", "context":{"id":"3684a6f8-7576-4a39-a5fa-b4cc1ba5775a", "isDeleted:":"true", "version":"1689335438556"}}
{"logTime": "0407/022536", "correlationVector":"8JAuP+osTWac1Wnnmp4FRP.4","action":"GetUpdates", "result":"DeleteReceived", "context":{"id":"669a560e-ab1d-465a-a8aa-fde6109a4042", "isDeleted:":"true", "version":"1692860174970"}}
{"logTime": "0407/022536", "correlationVector":"8JAuP+osTWac1Wnnmp4FRP.5","action":"GetUpdates", "result":"DeleteReceived", "context":{"id":"2cf6caa4-3f52-4e78-9ecf-c0be0461d67a", "isDeleted:":"true", "version":"1692860202722"}}
{"logTime": "0407/022536", "correlationVector":"8JAuP+osTWac1Wnnmp4FRP.6","action":"GetUpdates", "result":"DeleteReceived", "context":{"id":"b1214cc6-1d10-47d3-9ed8-fd7af4db5cf2", "isDeleted:":"true", "version":"1699895051338"}}
{"logTime": "0407/022536", "correlationVector":"8JAuP+osTWac1Wnnmp4FRP.7","action":"GetUpdates", "result":"DeleteReceived", "context":{"id":"d0aabd90-d9a0-4f4e-b259-ba328240e550", "isDeleted:":"true", "version":"1701723099996"}}
{"logTime": "0407/022536", "correlationVector":"8JAuP+osTWac1Wnnmp4FRP.8","action":"GetUpdates Response", "result":"Success", "context":Received 82 update(s). cV=8JAuP+osTWac1Wnnmp4FRP.0;server=GENERAL01000014;cloudType=Consumer;environment=Prod_WestEurope_000l;migrationStage=NotStarted}
{"logTime": "0407/022536", "correlationVector":"yedzX7CSvSi0pfqbUBEfmx","action":"Initial GetUpdates", "result":"", "context":Reason: NEWLY_SUPPORTED_DATATYPE. cV=yedzX7CSvSi0pfqbUBEfmx}
{"logTime": "0407/022536", "correlationVector":"yedzX7CSvSi0pfqbUBEfmx.1","action":"SyncServerConnectionManagerRequest", "result":"SYNC_SERVER_OK", "context":{"environment":"Prod_WestEurope_000l", "migrationStage":"NotStarted", "server":"GENERAL0100000B"}}
{"logTime": "0407/022536", "correlationVector":"yedzX7CSvSi0pfqbUBEfmx.2","action":"GetUpdates Response", "result":"Success", "context":Received 0 update(s). cV=yedzX7CSvSi0pfqbUBEfmx.0;server=GENERAL0100000B;cloudType=Consumer;environment=Prod_WestEurope_000l;migrationStage=NotStarted}
{"logTime": "0407/022536", "correlationVector":"+IMHKJ39OOnLuuoD265oEq","action":"Normal GetUpdate request", "result":"", "context":cV=+IMHKJ39OOnLuuoD265oEq
Nudged types: Sessions
Refresh requested types: Bookmarks, Preferences, Passwords, Autofill Profiles, Typed URLs, Extensions, Sessions, Extension settings, History Delete Directives, Device Info, User Consents, Send Tab To Self, Web Apps, Collection, Edge E Drop, Edge Hub App Usage, Edge Tab Group, Edge Wallet, Encryption Keys}
{"logTime": "0407/022536", "correlationVector":"+IMHKJ39OOnLuuoD265oEq.1","action":"SyncServerConnectionManagerRequest", "result":"SYNC_SERVER_OK", "context":{"environment":"Prod_WestEurope_000l", "migrationStage":"NotStarted", "server":"GENERAL0100000H"}}
{"logTime": "0407/022536", "correlationVector":"+IMHKJ39OOnLuuoD265oEq.2","action":"GetUpdates Response", "result":"Success", "context":Received 3 update(s). cV=+IMHKJ39OOnLuuoD265oEq.0;server=GENERAL0100000H;cloudType=Consumer;environment=Prod_WestEurope_000l;migrationStage=NotStarted}
{"logTime": "0407/022536", "correlationVector":"u5VhyfPX4BPEzu4uvGpYTA","action":"Commit Request", "result":"", "context":Item count: 3
Contributing types: Sessions}
{"logTime": "0407/022536", "correlationVector":"u5VhyfPX4BPEzu4uvGpYTA.1","action":"SyncServerConnectionManagerRequest", "result":"SYNC_SERVER_OK", "context":{"environment":"Prod_WestEurope_000l", "migrationStage":"NotStarted", "server":"GENERAL01000001"}}
{"logTime": "0407/022536", "correlationVector":"u5VhyfPX4BPEzu4uvGpYTA.2","action":"Commit Response", "result":"Success", "context":Result: Success. cV=u5VhyfPX4BPEzu4uvGpYTA.0;server=GENERAL01000001;cloudType=Consumer;environment=Prod_WestEurope_000l;migrationStage=NotStarted}
{"logTime": "0407/022536", "correlationVector":"u5VhyfPX4BPEzu4uvGpYTA.3","action":"Commit.Sessions", "result":"Success", "context":{"id":"aa16b560-e7ba-4229-8743-2a90423fab7f", "isDeleted":"true", "size":"0", "version":"1712456133701"}}
{"logTime": "0407/022536", "correlationVector":"LIe7+nkIF8rvJf2TwrWGoM","action":"Normal GetUpdate request", "result":"", "context":cV=LIe7+nkIF8rvJf2TwrWGoM
Nudged types: Sessions
Notified types: Preferences}
{"logTime": "0407/022536", "correlationVector":"LIe7+nkIF8rvJf2TwrWGoM.1","action":"SyncServerConnectionManagerRequest", "result":"SYNC_SERVER_OK", "context":{"environment":"Prod_WestEurope_000l", "migrationStage":"NotStarted", "server":"GENERAL01000012"}}
{"logTime": "0407/022536", "correlationVector":"LIe7+nkIF8rvJf2TwrWGoM.2","action":"GetUpdates", "result":"DeleteReceived", "context":{"id":"aa16b560-e7ba-4229-8743-2a90423fab7f", "isDeleted:":"true", "version":"1712456713538"}}
{"logTime": "0407/022536", "correlationVector":"LIe7+nkIF8rvJf2TwrWGoM.3","action":"GetUpdates Response", "result":"Success", "context":Received 3 update(s). cV=LIe7+nkIF8rvJf2TwrWGoM.0;server=GENERAL01000012;cloudType=Consumer;environment=Prod_WestEurope_000l;migrationStage=NotStarted}
{"logTime": "0407/022554", "correlationVector":"yBQ41J1zIr/Gtsm+1s7lIx","action":"Commit Request", "result":"", "context":Item count: 1
Contributing types: Sessions}
{"logTime": "0407/022554", "correlationVector":"yBQ41J1zIr/Gtsm+1s7lIx.1","action":"SyncServerConnectionManagerRequest", "result":"SYNC_SERVER_OK", "context":{"environment":"Prod_WestEurope_000l", "migrationStage":"NotStarted", "server":"GENERAL01000012"}}
{"logTime": "0407/022554", "correlationVector":"yBQ41J1zIr/Gtsm+1s7lIx.2","action":"Commit Response", "result":"Success", "context":Result: Success. cV=yBQ41J1zIr/Gtsm+1s7lIx.0;server=GENERAL01000012;cloudType=Consumer;environment=Prod_WestEurope_000l;migrationStage=NotStarted}
{"logTime": "0407/023342", "correlationVector":"kvHpPfXlBpXti9FY20+vvb","action":"SyncServerConnectionManagerRequest", "result":"SYNC_SERVER_OK", "context":{"environment":"", "migrationStage":"", "server":""}}
{"logTime": "0407/023342", "correlationVector":"icGXbRJJJCSbXcXEoo+Vsj.1","action":"SyncServerConnectionManagerRequest", "result":"SYNC_SERVER_OK", "context":{"environment":"Prod_WestEurope_000l", "migrationStage":"NotStarted", "server":"GENERAL01000005"}}
{"logTime": "0407/023342", "correlationVector":"icGXbRJJJCSbXcXEoo+Vsj","action":"Initial GetUpdates", "result":"", "context":Reason: NEW_CLIENT. cV=icGXbRJJJCSbXcXEoo+Vsj}
{"logTime": "0407/023342", "correlationVector":"icGXbRJJJCSbXcXEoo+Vsj.2","action":"GetUpdates Response", "result":"Success", "context":Received 1 update(s). cV=icGXbRJJJCSbXcXEoo+Vsj.0;server=GENERAL01000005;cloudType=Consumer;environment=Prod_WestEurope_000l;migrationStage=NotStarted}
{"logTime": "0407/023342", "correlationVector":"pF+fbIo9FS9qvDCF3EmCKG","action":"Initial GetUpdates", "result":"", "context":Reason: NEWLY_SUPPORTED_DATATYPE. cV=pF+fbIo9FS9qvDCF3EmCKG}
{"logTime": "0407/023342", "correlationVector":"pF+fbIo9FS9qvDCF3EmCKG.1","action":"SyncServerConnectionManagerRequest", "result":"SYNC_SERVER_OK", "context":{"environment":"Prod_WestEurope_000l", "migrationStage":"NotStarted", "server":"GENERAL0100000L"}}
{"logTime": "0407/023342", "correlationVector":"pF+fbIo9FS9qvDCF3EmCKG.2","action":"GetUpdates", "result":"DeleteReceived", "context":{"id":"76af224f-06ba-45f2-b6e0-42e23ca02303", "isDeleted:":"true", "version":"1683372816966"}}
{"logTime": "0407/023342", "correlationVector":"pF+fbIo9FS9qvDCF3EmCKG.3","action":"GetUpdates", "result":"DeleteReceived", "context":{"id":"3684a6f8-7576-4a39-a5fa-b4cc1ba5775a", "isDeleted:":"true", "version":"1689335438556"}}
{"logTime": "0407/023342", "correlationVector":"pF+fbIo9FS9qvDCF3EmCKG.4","action":"GetUpdates", "result":"DeleteReceived", "context":{"id":"669a560e-ab1d-465a-a8aa-fde6109a4042", "isDeleted:":"true", "version":"1692860174970"}}
{"logTime": "0407/023342", "correlationVector":"pF+fbIo9FS9qvDCF3EmCKG.5","action":"GetUpdates", "result":"DeleteReceived", "context":{"id":"2cf6caa4-3f52-4e78-9ecf-c0be0461d67a", "isDeleted:":"true", "version":"1692860202722"}}
{"logTime": "0407/023342", "correlationVector":"pF+fbIo9FS9qvDCF3EmCKG.6","action":"GetUpdates", "result":"DeleteReceived", "context":{"id":"b1214cc6-1d10-47d3-9ed8-fd7af4db5cf2", "isDeleted:":"true", "version":"1699895051338"}}
{"logTime": "0407/023342", "correlationVector":"pF+fbIo9FS9qvDCF3EmCKG.7","action":"GetUpdates", "result":"DeleteReceived", "context":{"id":"d0aabd90-d9a0-4f4e-b259-ba328240e550", "isDeleted:":"true", "version":"1701723099996"}}
{"logTime": "0407/023342", "correlationVector":"pF+fbIo9FS9qvDCF3EmCKG.8","action":"GetUpdates Response", "result":"Success", "context":Received 82 update(s). cV=pF+fbIo9FS9qvDCF3EmCKG.0;server=GENERAL0100000L;cloudType=Consumer;environment=Prod_WestEurope_000l;migrationStage=NotStarted}
{"logTime": "0407/023342", "correlationVector":"5av2tqNDfWgfWDN1Bh6W2Y","action":"Initial GetUpdates", "result":"", "context":Reason: NEWLY_SUPPORTED_DATATYPE. cV=5av2tqNDfWgfWDN1Bh6W2Y}
{"logTime": "0407/023342", "correlationVector":"5av2tqNDfWgfWDN1Bh6W2Y.1","action":"SyncServerConnectionManagerRequest", "result":"SYNC_SERVER_OK", "context":{"environment":"Prod_WestEurope_000l", "migrationStage":"NotStarted", "server":"GENERAL01000008"}}
{"logTime": "0407/023342", "correlationVector":"5av2tqNDfWgfWDN1Bh6W2Y.2","action":"GetUpdates Response", "result":"Success", "context":Received 0 update(s). cV=5av2tqNDfWgfWDN1Bh6W2Y.0;server=GENERAL01000008;cloudType=Consumer;environment=Prod_WestEurope_000l;migrationStage=NotStarted}
{"logTime": "0407/023342", "correlationVector":"yeeRnUiGd3Z0lLdXF+RFJO","action":"Normal GetUpdate request", "result":"", "context":cV=yeeRnUiGd3Z0lLdXF+RFJO
Nudged types: Sessions
Refresh requested types: Bookmarks, Preferences, Passwords, Autofill Profiles, Typed URLs, Extensions, Sessions, Extension settings, History Delete Directives, Device Info, User Consents, Send Tab To Self, Web Apps, Collection, Edge E Drop, Edge Hub App Usage, Edge Tab Group, Edge Wallet, Encryption Keys}
{"logTime": "0407/023342", "correlationVector":"yeeRnUiGd3Z0lLdXF+RFJO.1","action":"SyncServerConnectionManagerRequest", "result":"SYNC_SERVER_OK", "context":{"environment":"Prod_WestEurope_000l", "migrationStage":"NotStarted", "server":"GENERAL0100000J"}}
{"logTime": "0407/023342", "correlationVector":"yeeRnUiGd3Z0lLdXF+RFJO.2","action":"GetUpdates Response", "result":"Success", "context":Received 3 update(s). cV=yeeRnUiGd3Z0lLdXF+RFJO.0;server=GENERAL0100000J;cloudType=Consumer;environment=Prod_WestEurope_000l;migrationStage=NotStarted}
{"logTime": "0407/023342", "correlationVector":"znDPN++u54tvepscAHpjtE","action":"Commit Request", "result":"", "context":Item count: 3
Contributing types: Sessions}
{"logTime": "0407/023342", "correlationVector":"znDPN++u54tvepscAHpjtE.1","action":"SyncServerConnectionManagerRequest", "result":"SYNC_SERVER_OK", "context":{"environment":"Prod_WestEurope_000l", "migrationStage":"NotStarted", "server":"GENERAL01000027"}}
{"logTime": "0407/023342", "correlationVector":"znDPN++u54tvepscAHpjtE.2","action":"Commit Response", "result":"Success", "context":Result: Success. cV=znDPN++u54tvepscAHpjtE.0;server=GENERAL01000027;cloudType=Consumer;environment=Prod_WestEurope_000l;migrationStage=NotStarted}
{"logTime": "0407/023343", "correlationVector":"b2MXJ6qN9onNkwjhv+q20X","action":"Normal GetUpdate request", "result":"", "context":cV=b2MXJ6qN9onNkwjhv+q20X
Nudged types: Sessions}
{"logTime": "0407/023343", "correlationVector":"b2MXJ6qN9onNkwjhv+q20X.1","action":"SyncServerConnectionManagerRequest", "result":"SYNC_SERVER_OK", "context":{"environment":"Prod_WestEurope_000l", "migrationStage":"NotStarted", "server":"GENERAL0100000I"}}
{"logTime": "0407/023343", "correlationVector":"b2MXJ6qN9onNkwjhv+q20X.2","action":"GetUpdates Response", "result":"Success", "context":Received 3 update(s). cV=b2MXJ6qN9onNkwjhv+q20X.0;server=GENERAL0100000I;cloudType=Consumer;environment=Prod_WestEurope_000l;migrationStage=NotStarted}
{"logTime": "0407/023343", "correlationVector":"e7friH6krD3exDj+jtGzO8","action":"Commit Request", "result":"", "context":Item count: 2
Contributing types: Sessions}
{"logTime": "0407/023343", "correlationVector":"e7friH6krD3exDj+jtGzO8.1","action":"SyncServerConnectionManagerRequest", "result":"SYNC_SERVER_OK", "context":{"environment":"Prod_WestEurope_000l", "migrationStage":"NotStarted", "server":"GENERAL0100000F"}}
{"logTime": "0407/023343", "correlationVector":"e7friH6krD3exDj+jtGzO8.3","action":"Commit.Sessions", "result":"Success", "context":{"id":"ce91e165-dea9-46fb-9bc5-f504697d146c", "isDeleted":"true", "size":"0", "version":"1712457165374"}}
{"logTime": "0407/023343", "correlationVector":"e7friH6krD3exDj+jtGzO8.2","action":"Commit Response", "result":"Success", "context":Result: Success. cV=e7friH6krD3exDj+jtGzO8.0;server=GENERAL0100000F;cloudType=Consumer;environment=Prod_WestEurope_000l;migrationStage=NotStarted}
{"logTime": "0407/023744", "correlationVector":"O5VmMYwx6ps3/iJaSBXiDS","action":"Normal GetUpdate request", "result":"", "context":cV=O5VmMYwx6ps3/iJaSBXiDS
Refresh requested types: Bookmarks, Preferences, Passwords, Autofill Profiles, Typed URLs, Extensions, Sessions, Extension settings, History Delete Directives, Device Info, User Consents, Send Tab To Self, Web Apps, Collection, Edge E Drop, Edge Hub App Usage, Edge Tab Group, Edge Wallet, Encryption Keys}
{"logTime": "0407/023744", "correlationVector":"O5VmMYwx6ps3/iJaSBXiDS.1","action":"SyncServerConnectionManagerRequest", "result":"SYNC_SERVER_OK", "context":{"environment":"Prod_WestEurope_000l", "migrationStage":"NotStarted", "server":"GENERAL0100000M"}}
{"logTime": "0407/023744", "correlationVector":"O5VmMYwx6ps3/iJaSBXiDS.2","action":"GetUpdates", "result":"DeleteReceived", "context":{"id":"ce91e165-dea9-46fb-9bc5-f504697d146c", "isDeleted:":"true", "version":"1712457195815"}}
{"logTime": "0407/023744", "correlationVector":"O5VmMYwx6ps3/iJaSBXiDS.3","action":"GetUpdates Response", "result":"Success", "context":Received 2 update(s). cV=O5VmMYwx6ps3/iJaSBXiDS.0;server=GENERAL0100000M;cloudType=Consumer;environment=Prod_WestEurope_000l;migrationStage=NotStarted}
{"logTime": "0407/024206", "correlationVector":"z+m7Y1VaCvllucuQZ0m0c5","action":"Commit Request", "result":"", "context":Item count: 1
Contributing types: Sessions}
{"logTime": "0407/024207", "correlationVector":"z+m7Y1VaCvllucuQZ0m0c5.1","action":"SyncServerConnectionManagerRequest", "result":"SYNC_SERVER_OK", "context":{"environment":"Prod_WestEurope_000l", "migrationStage":"NotStarted", "server":"GENERAL0100000O"}}
{"logTime": "0407/024207", "correlationVector":"z+m7Y1VaCvllucuQZ0m0c5.2","action":"Commit Response", "result":"Success", "context":Result: Success. cV=z+m7Y1VaCvllucuQZ0m0c5.0;server=GENERAL0100000O;cloudType=Consumer;environment=Prod_WestEurope_000l;migrationStage=NotStarted}
{"logTime": "0407/024502", "correlationVector":"Poy4MLZKytOPdwvg8lse+I","action":"Normal GetUpdate request", "result":"", "context":cV=Poy4MLZKytOPdwvg8lse+I
Notified types: Preferences}
{"logTime": "0407/024502", "correlationVector":"Poy4MLZKytOPdwvg8lse+I.1","action":"SyncServerConnectionManagerRequest", "result":"SYNC_SERVER_OK", "context":{"environment":"Prod_WestEurope_000l", "migrationStage":"NotStarted", "server":"GENERAL01000017"}}
{"logTime": "0407/024502", "correlationVector":"Poy4MLZKytOPdwvg8lse+I.2","action":"GetUpdates Response", "result":"Success", "context":Received 2 update(s). cV=Poy4MLZKytOPdwvg8lse+I.0;server=GENERAL01000017;cloudType=Consumer;environment=Prod_WestEurope_000l;migrationStage=NotStarted}
